ChrI:10214710-10223029	B0546.1	67.308	52	17	0	7897	7742	37	88	7.75e-17	78.2
ChrI:10236770-10247878	C46H11.7	60.185	108	25	1	10396	10073	88	177	8.16e-31	122
ChrI:10236770-10247878	C46H11.7	80.000	25	5	0	9853	9779	154	178	1.07e-08	48.5
ChrI:10236770-10247878	C46H11.7	82.353	17	3	0	9944	9894	138	154	1.07e-08	32.0
ChrI:10236770-10247878	C46H11.7	56.098	41	18	0	10396	10274	196	236	4.04e-06	50.4
ChrI:11302376-11306877	K11D2.2	44.000	50	28	0	2509	2658	107	156	1.09e-14	53.1
ChrI:11302376-11306877	K11D2.2	32.877	73	35	1	2781	2999	157	215	1.09e-14	46.6
ChrI:12075153-12081704	F43E2.4	40.099	202	81	3	5413	6018	546	707	2.17e-61	140
ChrI:12075153-12081704	F43E2.4	51.351	74	17	1	6075	6296	707	761	2.17e-61	71.6
ChrI:12075153-12081704	F43E2.4	30.263	76	38	1	5126	5353	485	545	2.17e-61	39.3
ChrI:12075153-12081704	F43E2.4	33.333	81	39	1	4716	4958	397	462	2.17e-61	38.5
ChrI:12075153-12081704	F43E2.4	36.000	25	16	0	4990	5064	458	482	2.17e-61	28.9
ChrI:12075153-12081704	F43E2.4	35.417	96	48	1	3982	4269	226	307	1.88e-18	61.2
ChrI:12075153-12081704	F43E2.4	50.000	36	18	0	4454	4561	339	374	1.88e-18	48.1
ChrI:12075153-12081704	F43E2.4	52.632	19	9	0	4311	4367	306	324	1.88e-18	23.5
ChrI:12075153-12081704	F43E2.4	60.000	65	25	1	5633	5824	603	667	2.37e-12	72.0
ChrI:12507158-12512987	F25H5.4a	74.000	500	72	2	2085	586	329	770	0.0	760
ChrI:12507158-12512987	F25H5.4a	57.025	121	15	1	473	111	769	852	0.0	135
ChrI:12507158-12512987	F25H5.4a	86.577	149	20	0	2737	2291	146	294	2.39e-67	245
ChrI:12507158-12512987	F25H5.4a	87.097	31	4	0	3719	3627	2	32	1.64e-25	64.7
ChrI:12507158-12512987	F25H5.4a	88.372	43	5	0	3534	3406	31	73	1.64e-25	52.4
ChrI:12507158-12512987	F25H5.4a	59.259	27	11	0	3331	3251	73	99	1.64e-25	39.7
ChrI:12507158-12512987	F25H5.4a	79.310	58	12	0	3107	2934	89	146	4.58e-20	97.1
ChrI:13399638-13404337	T25F10.2	32.955	88	29	1	3583	3846	264	321	1.17e-09	61.6
ChrI:14334725-14339170	Y59A8B2.3a	32.653	98	53	3	3719	4012	238	322	3.90e-07	53.9
ChrI:14428626-14436976	ZK822.3b	36.170	94	16	1	7647	7366	95	144	4.16e-06	52.0
ChrI:15240484-15247055	E02C12.6	37.500	72	44	1	5181	4969	264	335	1.66e-07	55.5
ChrI:15240484-15247055	E02C12.6	31.868	91	46	3	667	398	258	333	2.24e-05	48.5
ChrI:1628508-1637941	T18H9.2a	42.222	90	17	1	1548	1279	447	501	1.80e-18	68.9
ChrI:1628508-1637941	T18H9.2a	39.683	63	15	1	1843	1655	407	446	1.80e-18	44.7
ChrI:1628508-1637941	T18H9.2a	36.364	77	27	2	7837	7607	346	400	4.42e-11	45.8
ChrI:1628508-1637941	T18H9.2a	80.000	20	4	0	7953	7894	293	312	4.42e-11	42.7
ChrI:1628508-1637941	T18H9.2a	81.818	33	6	0	5389	5291	602	634	1.39e-09	63.2
ChrI:1628508-1637941	T18H9.2a	75.758	33	8	0	144	46	602	634	2.75e-09	62.4
ChrI:1628508-1637941	T18H9.2a	56.522	23	10	0	6680	6612	497	519	7.76e-06	35.4
ChrI:1628508-1637941	T18H9.2a	57.143	28	12	0	6567	6484	515	542	7.76e-06	35.0
ChrI:1628508-1637941	T18H9.2a	57.143	35	15	0	5791	5687	548	582	5.54e-04	45.1
ChrI:1628508-1637941	T18H9.2a	40.000	65	14	1	7479	7285	408	447	6.90e-04	44.7
ChrI:16873856-16885782	T04H1.2	58.333	48	18	1	3407	3544	52	99	7.09e-09	61.2
ChrI:16873856-16885782	T04H1.2	75.676	37	9	0	4842	4952	170	206	1.10e-07	57.4
ChrI:16873856-16885782	T04H1.2	37.500	80	24	1	5840	6079	199	252	5.98e-07	55.1
ChrI:16873856-16885782	T04H1.2	60.526	38	15	0	6311	6424	243	280	1.19e-05	50.8
ChrI:16873856-16885782	T04H1.2	57.895	38	16	0	3886	3999	97	134	1.04e-04	47.8
ChrI:16873856-16885782	T04H1.2	47.500	40	21	0	3184	3303	29	68	0.002	43.5
ChrI:17459184-17464083	C05C8.3	76.923	39	9	0	2651	2767	35	73	1.30e-11	66.2
ChrI:17459184-17464083	C05C8.3	47.541	61	32	0	4467	4649	164	224	5.02e-10	61.6
ChrI:17459184-17464083	C05C8.3	68.966	29	9	0	3122	3208	74	102	8.88e-06	48.5
ChrI:17564123-17566352	Y51F10.7	36.364	44	28	0	472	603	46	89	1.03e-04	43.5
ChrI:19105695-19111425	C07D8.6	35.833	120	31	2	2791	2432	175	248	1.90e-20	62.8
ChrI:19105695-19111425	C07D8.6	59.459	37	15	0	2375	2265	247	283	1.90e-20	57.0
ChrI:19105695-19111425	C07D8.6	29.323	133	51	4	3762	3367	26	116	2.05e-04	45.1
ChrI:19289610-19290675	Y38C1AA.9	48.649	37	19	0	818	928	135	171	2.09e-05	43.9
ChrI:19289610-19290675	Y38C1AA.9	51.515	33	16	0	836	934	104	136	1.64e-04	41.2
ChrI:19289610-19290675	Y38C1AA.9	44.444	36	20	0	540	647	102	137	0.003	37.7
ChrI:19680415-19688057	F26H9.6	68.317	101	5	1	3978	3676	31	104	1.67e-36	137
ChrI:20022629-20026074	F41E6.14	28.226	124	60	3	2641	2273	124	219	1.48e-07	47.4
ChrI:20022629-20026074	F41E6.14	33.333	30	20	0	2778	2689	97	126	1.48e-07	27.7
ChrI:20022629-20026074	F41E6.14	63.636	33	12	0	3356	3258	8	40	1.03e-05	49.3
ChrI:20022629-20026074	F41E6.14	52.632	38	18	0	1044	931	429	466	3.76e-05	47.4
ChrI:20560046-20561421	Y51F10.7	28.788	198	55	5	544	1137	46	157	2.72e-20	84.0
ChrI:20560046-20561421	Y51F10.7	43.902	41	20	2	1199	1312	149	189	2.72e-20	33.1
ChrI:20595492-20598757	T10B9.7	28.402	169	60	2	562	56	406	513	1.18e-21	75.1
ChrI:20595492-20598757	T10B9.7	46.809	47	19	2	882	748	356	398	1.18e-21	42.4
ChrI:20595492-20598757	T10B9.7	56.250	16	7	0	662	615	392	407	1.18e-21	25.0
ChrI:20595492-20598757	T10B9.7	38.462	78	35	2	2161	1928	175	239	9.18e-07	52.4
ChrI:21674858-21680591	F38H4.9	51.923	52	24	1	1500	1652	3	54	9.42e-08	55.5
ChrI:22095816-22105850	ZC443.1	30.000	150	55	3	7586	8035	77	176	4.51e-12	59.3
ChrI:22095816-22105850	ZC443.1	42.857	42	19	2	7428	7544	43	82	4.51e-12	32.7
ChrI:22683715-22692424	T26A5.5a	60.465	43	17	0	4115	3987	302	344	3.23e-17	64.7
ChrI:22683715-22692424	T26A5.5a	41.463	41	24	0	4429	4307	249	289	3.23e-17	41.2
ChrI:22683715-22692424	T26A5.5a	33.333	18	12	0	4242	4189	286	303	3.23e-17	23.1
ChrI:22683715-22692424	T26A5.5a	69.697	33	10	0	4689	4591	221	253	3.51e-07	55.8
ChrI:22693330-22703154	F09C6.1	39.706	68	40	1	9423	9220	158	224	7.80e-05	46.2
ChrI:22693330-22703154	F09C6.1	50.000	42	18	1	8461	8336	176	214	2.27e-04	45.1
ChrI:24989644-25002870	T16G1.4	36.364	77	41	2	11829	12047	295	367	8.98e-06	51.2
ChrI:24989644-25002870	T16G1.4	62.069	29	11	0	3198	3284	302	330	2.77e-04	46.2
ChrI:25954013-25959589	F53H4.5	96.875	32	1	0	2943	2848	115	146	9.86e-24	68.6
ChrI:25954013-25959589	F53H4.5	62.791	43	16	0	2819	2691	138	180	9.86e-24	62.0
ChrI:25954013-25959589	F53H4.5	65.517	29	10	0	3259	3173	84	112	0.002	42.7
ChrI:28211183-28212507	C54D10.3	82.353	34	6	0	1199	1300	73	106	6.64e-11	60.5
ChrI:28211183-28212507	C54D10.3	77.143	35	8	0	258	362	73	107	2.65e-10	58.5
ChrI:28225984-28227154	R13A5.6	24.837	153	27	2	530	72	74	138	9.64e-12	61.6
ChrI:28225984-28227154	R13A5.6	48.387	31	16	0	905	813	21	51	0.001	38.1
ChrI:28444455-28448208	Y105C5B.14	40.000	80	45	2	557	787	125	204	2.14e-09	58.2
ChrI:28444455-28448208	Y105C5B.14	37.255	51	32	0	1701	1853	152	202	5.89e-05	45.1
ChrI:28444455-28448208	Y105C5B.14	39.130	46	28	0	3613	3750	157	202	0.007	38.9
ChrI:28758266-28761517	C31B8.8	36.364	132	46	3	1833	1438	210	303	6.84e-15	78.6
ChrI:28758266-28761517	C31B8.8	32.258	93	39	2	3055	2783	56	126	7.16e-04	43.1
ChrI:28758266-28761517	C31B8.8	26.374	91	45	1	2424	2152	115	183	0.003	41.2
ChrI:28761827-28768223	C31B8.8	25.574	305	131	9	759	1658	90	303	5.51e-14	76.6
ChrI:28761827-28768223	C31B8.8	27.706	231	79	5	4289	4981	161	303	1.19e-11	69.3
ChrI:28769116-28791727	R05F9.12	35.636	275	44	4	18972	18148	540	681	2.09e-51	151
ChrI:28769116-28791727	R05F9.12	37.273	110	33	2	18046	17717	678	751	2.09e-51	73.9
ChrI:28769116-28791727	R05F9.12	38.182	165	43	4	21814	21326	114	221	2.73e-43	84.7
ChrI:28769116-28791727	R05F9.12	45.679	81	23	1	21118	20876	248	307	2.73e-43	72.4
ChrI:28769116-28791727	R05F9.12	66.667	30	10	0	21246	21157	221	250	2.73e-43	51.2
ChrI:28769116-28791727	R05F9.12	34.884	43	26	2	22061	21933	73	113	2.73e-43	30.8
ChrI:28769116-28791727	R05F9.12	45.588	68	14	1	19919	19716	388	432	8.59e-18	58.9
ChrI:28769116-28791727	R05F9.12	52.381	42	20	0	20149	20024	342	383	8.59e-18	53.9
ChrI:28769116-28791727	R05F9.12	62.500	24	9	0	20738	20667	322	345	6.76e-05	37.7
ChrI:28769116-28791727	R05F9.12	43.333	30	17	0	20862	20773	297	326	6.76e-05	30.8
ChrI:2921270-2924212	C06A8.4	39.344	61	28	3	311	478	67	123	2.19e-07	43.5
ChrI:2921270-2924212	C06A8.4	39.394	33	20	0	586	684	115	147	2.19e-07	30.8
ChrI:29222159-29236881	F48E3.7	28.289	304	74	4	2678	1767	31	190	1.24e-28	111
ChrI:29222159-29236881	F48E3.7	50.000	36	18	0	1653	1546	201	236	1.24e-28	37.0
ChrI:29222159-29236881	F48E3.7	75.000	44	11	0	1328	1197	237	280	5.47e-25	73.9
ChrI:29222159-29236881	F48E3.7	73.684	38	10	0	1093	980	275	312	5.47e-25	62.0
ChrI:29222159-29236881	F48E3.7	53.659	41	19	0	577	455	310	350	2.91e-06	47.0
ChrI:29222159-29236881	F48E3.7	25.862	58	38	2	440	273	346	400	2.91e-06	25.8
ChrI:29821933-29845849	ZK783.1k	31.579	171	70	8	9958	9518	1452	1599	4.07e-09	57.4
ChrI:29821933-29845849	ZK783.1k	41.935	31	17	1	10074	9982	1431	1460	4.07e-09	25.8
ChrI:29821933-29845849	ZK783.1k	32.576	132	47	5	12215	11850	155	254	2.21e-06	54.7
ChrI:29821933-29845849	ZK783.1k	28.994	169	65	6	15418	14921	1490	1606	7.94e-06	52.8
ChrI:29821933-29845849	ZK783.1k	24.294	177	95	8	10434	9943	110	260	1.10e-05	44.7
ChrI:29821933-29845849	ZK783.1k	56.098	41	17	1	9838	9719	263	303	1.10e-05	26.6
ChrI:29821933-29845849	ZK783.1k	26.702	191	86	9	15418	14921	1621	1782	1.36e-05	52.0
ChrI:29821933-29845849	ZK783.1k	47.222	36	18	1	4162	4055	1569	1603	5.13e-05	36.2
ChrI:29821933-29845849	ZK783.1k	43.243	37	20	1	3966	3856	1608	1643	5.13e-05	32.7
ChrI:29821933-29845849	ZK783.1k	35.484	93	25	3	9094	8816	1589	1646	5.64e-05	50.1
ChrI:29821933-29845849	ZK783.1k	39.655	58	34	1	9889	9719	1684	1741	3.72e-04	44.7
ChrI:29821933-29845849	ZK783.1k	66.667	12	4	0	9678	9643	1739	1750	3.72e-04	21.2
ChrI:29821933-29845849	ZK783.1k	32.710	107	38	3	9838	9518	1567	1639	0.002	44.7
ChrI:29821933-29845849	ZK783.1k	33.333	72	34	2	7066	6851	147	204	0.002	40.0
ChrI:29821933-29845849	ZK783.1k	35.484	31	14	1	6803	6711	243	267	0.002	23.1
ChrI:29821933-29845849	ZK783.1k	32.000	75	28	3	3342	3121	153	205	0.003	33.9
ChrI:29821933-29845849	ZK783.1k	36.585	41	22	2	3031	2921	214	254	0.003	25.4
ChrI:29821933-29845849	ZK783.1k	37.500	32	18	1	2855	2760	258	287	0.003	21.9
ChrI:29821933-29845849	ZK783.1k	27.517	149	66	5	7288	6851	1665	1774	0.004	43.9
ChrI:32677717-32683586	ZK822.3b	55.000	100	23	1	1943	1644	387	464	8.89e-31	107
ChrI:32677717-32683586	ZK822.3b	43.750	48	27	0	2157	2014	340	387	8.89e-31	46.6
ChrI:32677717-32683586	ZK822.3b	53.061	98	31	2	5207	4917	113	196	5.40e-26	92.4
ChrI:32677717-32683586	ZK822.3b	74.074	27	7	0	5332	5252	87	113	5.40e-26	45.8
ChrI:32677717-32683586	ZK822.3b	50.588	85	19	3	3277	3032	296	360	2.26e-20	75.5
ChrI:32677717-32683586	ZK822.3b	57.143	35	15	0	3426	3322	261	295	2.26e-20	43.9
ChrI:32677717-32683586	ZK822.3b	82.143	28	5	0	4906	4823	183	210	1.66e-06	52.8
ChrI:32677717-32683586	ZK822.3b	32.979	94	46	2	5640	5365	22	100	0.001	43.5
ChrI:32677717-32683586	ZK822.3b	64.000	25	9	0	1504	1430	464	488	0.005	41.2
ChrI:33498023-33498323	C02C6.1b	80.000	35	7	0	300	196	334	368	4.89e-11	57.0
ChrI:35021080-35033468	B0344.2	88.235	34	4	0	7528	7629	124	157	1.03e-09	63.9
ChrI:35021080-35033468	B0344.2	67.857	28	9	0	8154	8237	156	183	0.008	41.6
ChrI:36285629-36290234	C17G1.3a	26.882	186	51	3	2509	3060	287	389	8.50e-10	62.8
ChrI:36285629-36290234	C17G1.3a	41.667	48	28	0	2234	2377	240	287	0.009	40.0
ChrI:36827-62598	K09H11.7	60.563	71	19	3	18829	18623	244	307	2.33e-16	84.0
ChrI:36827-62598	K09H11.7	54.545	77	15	1	19654	19424	163	219	5.75e-16	82.8
ChrI:36827-62598	K09H11.7	61.818	55	21	0	19163	18999	208	262	5.05e-15	80.1
ChrI:36827-62598	K09H11.7	63.158	57	20	1	20937	20770	38	94	8.06e-14	76.3
ChrI:36827-62598	K09H11.7	67.391	46	13	2	20044	19913	117	162	1.00e-09	63.9
ChrI:38323972-38340191	F11F1.1a	51.163	43	21	0	14839	14711	153	195	3.52e-10	45.1
ChrI:38323972-38340191	F11F1.1a	57.500	40	12	2	14681	14568	190	226	3.52e-10	41.2
ChrI:38341314-38351931	C37H5.8	24.194	248	98	6	1284	2024	55	213	9.66e-11	67.4
ChrI:38341314-38351931	C37H5.8	46.667	45	24	0	2183	2317	217	261	4.84e-04	45.4
ChrI:38341314-38351931	C37H5.8	32.075	53	35	1	3180	3338	414	465	6.92e-04	33.5
ChrI:38341314-38351931	C37H5.8	22.500	80	45	2	3373	3603	463	528	6.92e-04	30.4
ChrI:4095499-4097442	Y38E10A.8	27.273	187	60	8	1053	1577	100	222	4.84e-06	48.1
ChrI:4565101-4573674	F40F9.1a	57.692	26	11	0	8147	8224	255	280	0.004	41.6
ChrI:6092205-6107730	Y82E9BR1.4b	66.667	42	14	0	13071	12946	151	192	2.90e-19	59.3
ChrI:6092205-6107730	Y82E9BR1.4b	50.909	55	25	1	12829	12671	192	246	2.90e-19	50.8
ChrI:6092205-6107730	Y82E9BR1.4b	39.130	23	14	0	13234	13166	129	151	2.90e-19	26.6
ChrI:6510927-6512918	C53A3.2	43.983	241	41	6	924	1640	144	292	4.36e-49	174
ChrI:6510927-6512918	C53A3.2	40.496	121	28	2	192	551	44	121	5.82e-19	81.3
ChrI:6510927-6512918	C53A3.2	59.259	27	9	1	622	702	121	145	5.82e-19	31.6
ChrI:6510927-6512918	C53A3.2	78.261	46	10	0	1772	1909	289	334	3.44e-17	83.2
ChrI:667812-672897	F28H7.8	42.857	84	46	1	2860	3105	147	230	3.36e-14	76.3
ChrI:667812-672897	F28H7.8	47.727	44	23	0	1868	1999	134	177	2.40e-05	48.1
ChrI:667812-672897	F28H7.8	57.576	33	14	0	3270	3368	223	255	8.78e-05	46.2
ChrI:6956881-6967112	C14A4.14	70.000	50	15	0	4045	4194	142	191	8.19e-14	76.3
ChrI:8037801-8040100	C56A3.2a	48.810	168	36	3	246	749	20	137	1.59e-40	145
ChrI:8037801-8040100	C56A3.2a	55.357	56	22	1	1919	2086	85	137	1.19e-27	68.9
ChrI:8037801-8040100	C56A3.2a	58.621	29	12	0	1553	1639	20	48	1.19e-27	47.8
ChrI:8037801-8040100	C56A3.2a	43.548	62	8	1	1713	1898	56	90	1.19e-27	45.8
ChrI:8040102-8043994	JC8.14	68.421	38	12	0	684	571	93	130	7.73e-28	61.6
ChrI:8040102-8043994	JC8.14	56.250	48	5	1	1138	995	17	48	7.73e-28	52.4
ChrI:8040102-8043994	JC8.14	51.923	52	10	1	923	768	57	93	7.73e-28	50.1
ChrI:896261-903918	B0222.3	42.529	87	23	1	5340	5080	165	224	4.60e-12	70.5
ChrI:896261-903918	B0222.3	89.744	39	4	0	7533	7417	24	62	2.81e-11	68.2
ChrI:896261-903918	B0222.3	55.932	59	24	2	957	784	414	471	1.41e-08	59.3
ChrI:896261-903918	B0222.3	48.276	58	21	1	2902	2756	313	370	3.66e-08	58.2
ChrI:896261-903918	B0222.3	67.568	37	12	0	6407	6297	84	120	6.45e-08	57.4
ChrI:896261-903918	B0222.3	69.565	23	7	0	6035	5967	118	140	0.008	40.8
ChrI:896261-903918	B0222.3	86.364	22	3	0	7000	6935	63	84	0.009	40.8
ChrI:9029107-9033076	C53B4.8	58.879	107	24	1	3275	3595	579	665	3.05e-37	119
ChrI:9029107-9033076	C53B4.8	69.231	39	12	0	3664	3780	666	704	3.05e-37	56.2
ChrI:9029107-9033076	C53B4.8	50.000	34	17	0	597	698	78	111	4.26e-07	40.0
ChrI:9029107-9033076	C53B4.8	42.424	33	19	0	428	526	38	70	4.26e-07	33.5
ChrII:10140757-10143708	F41E6.14	48.864	88	29	2	96	359	9	80	1.26e-27	75.5
ChrII:10140757-10143708	F41E6.14	35.354	99	49	2	605	901	132	215	1.26e-27	57.0
ChrII:10140757-10143708	F41E6.14	34.375	32	21	0	445	540	94	125	1.26e-27	30.4
ChrII:10140757-10143708	F41E6.14	42.857	42	24	0	1965	2090	427	468	2.15e-04	44.7
ChrII:13450608-13450979	Y38C1AA.13	28.182	110	49	3	5	325	1	83	1.21e-05	40.4
ChrII:13832424-13838605	T19H12.11	39.604	101	42	2	4482	4180	322	403	2.13e-20	71.6
ChrII:13832424-13838605	T19H12.11	42.857	42	24	0	4135	4010	403	444	2.13e-20	44.3
ChrII:13832424-13838605	T19H12.11	50.000	20	10	0	4577	4518	310	329	2.13e-20	23.5
ChrII:13839895-13842378	Y37E11AR.5a	39.423	104	43	2	1554	1865	319	402	5.40e-26	79.7
ChrII:13839895-13842378	Y37E11AR.5a	50.000	42	21	0	1886	2011	394	435	5.40e-26	43.9
ChrII:13839895-13842378	Y37E11AR.5a	29.630	54	38	0	2076	2237	437	490	5.40e-26	32.0
ChrII:13839895-13842378	Y37E11AR.5a	50.000	18	9	0	1444	1497	302	319	5.40e-26	20.8
ChrII:15157518-15170052	Y69H2.11	33.796	216	75	8	9804	10451	633	780	2.94e-34	100
ChrII:15157518-15170052	Y69H2.11	49.057	53	27	0	9589	9747	585	637	2.94e-34	66.6
ChrII:15157518-15170052	Y69H2.11	28.571	126	48	2	11421	11795	775	859	1.45e-08	60.8
ChrII:15752294-15756973	C38C3.5a	68.571	35	11	0	1693	1797	109	143	4.38e-09	56.6
ChrII:15752294-15756973	C38C3.5a	51.282	39	19	0	1163	1279	71	109	5.40e-07	50.8
ChrII:15752294-15756973	C38C3.5a	55.263	38	17	0	732	845	34	71	2.27e-05	45.8
ChrII:15752294-15756973	C38C3.5a	58.065	31	13	0	391	483	2	32	4.31e-04	42.4
ChrII:15924203-15929517	T19D7.7	52.830	106	22	1	1752	2069	75	152	1.91e-24	108
ChrII:15924203-15929517	T19D7.7	36.646	161	36	3	3584	4066	298	392	1.59e-22	102
ChrII:15924203-15929517	T19D7.7	23.871	155	46	3	2760	3221	186	269	6.80e-09	52.4
ChrII:15924203-15929517	T19D7.7	27.027	37	27	0	3320	3430	268	304	6.80e-09	27.7
ChrII:15950383-15957219	ZC443.5	39.024	82	30	1	5118	4873	330	391	3.70e-20	71.6
ChrII:15950383-15957219	ZC443.5	45.946	37	20	0	5284	5174	289	325	3.70e-20	35.4
ChrII:15950383-15957219	ZC443.5	50.000	20	10	0	4781	4722	392	411	3.70e-20	31.6
ChrII:15950383-15957219	ZC443.5	41.176	85	27	1	956	702	350	411	3.12e-13	74.3
ChrII:15950383-15957219	ZC443.5	52.632	57	22	2	6830	6660	5	56	2.46e-08	58.5
ChrII:15950383-15957219	ZC443.5	39.130	46	28	0	3584	3447	4	49	1.74e-04	46.2
ChrII:1620435-1629306	Y5H2B.5	51.163	43	21	0	7664	7792	424	466	1.84e-08	59.3
ChrII:1620435-1629306	Y5H2B.5	59.524	42	16	1	6677	6799	337	378	8.42e-07	53.9
ChrII:1620435-1629306	Y5H2B.5	51.351	37	18	0	2436	2546	132	168	1.84e-04	46.2
ChrII:1620435-1629306	Y5H2B.5	55.882	34	15	0	3811	3912	197	230	2.84e-04	45.8
ChrII:1620435-1629306	Y5H2B.5	51.020	49	22	1	6171	6311	270	318	5.82e-04	44.7
ChrII:18445417-18451644	F40E10.1	76.923	39	9	0	1504	1620	222	260	5.66e-16	64.3
ChrII:18445417-18451644	F40E10.1	77.273	22	5	0	1371	1436	203	224	5.66e-16	40.4
ChrII:18445417-18451644	F40E10.1	40.404	99	45	3	653	949	63	147	3.42e-15	62.8
ChrII:18445417-18451644	F40E10.1	48.837	43	20	1	999	1121	148	190	3.42e-15	38.9
ChrII:18445417-18451644	F40E10.1	67.391	46	15	0	1989	2126	278	323	3.37e-10	64.7
ChrII:18445417-18451644	F40E10.1	40.000	70	16	1	4736	4945	534	577	1.14e-06	53.1
ChrII:18445417-18451644	F40E10.1	29.070	86	37	1	2648	2905	363	424	0.002	42.4
ChrII:20094280-20096247	F46C3.1	56.410	39	17	0	128	12	599	637	3.00e-05	47.0
ChrII:20096974-20107359	Y55F3AM.14	28.125	128	70	5	8675	9043	189	299	5.93e-06	32.7
ChrII:20096974-20107359	Y55F3AM.14	37.500	32	20	0	9088	9183	293	324	5.93e-06	30.8
ChrII:20096974-20107359	Y55F3AM.14	33.333	42	26	1	8476	8601	146	185	5.93e-06	26.6
ChrII:20096974-20107359	Y55F3AM.14	28.235	85	50	2	8096	8320	244	327	2.41e-04	30.0
ChrII:20096974-20107359	Y55F3AM.14	33.333	27	18	0	7730	7810	131	157	2.41e-04	28.1
ChrII:20096974-20107359	Y55F3AM.14	52.174	23	11	0	7914	7982	189	211	2.41e-04	26.2
ChrII:20162774-20176815	F46C3.1	50.000	48	24	0	5049	5192	888	935	2.07e-08	52.4
ChrII:20162774-20176815	F46C3.1	30.882	68	29	3	5267	5425	936	1000	2.07e-08	27.3
ChrII:20162774-20176815	F46C3.1	30.833	120	70	6	9064	9405	826	938	2.45e-07	45.1
ChrII:20162774-20176815	F46C3.1	29.851	67	35	3	9434	9598	931	997	2.45e-07	31.2
ChrII:20162774-20176815	F46C3.1	53.125	32	15	0	4716	4811	647	678	8.53e-06	40.8
ChrII:20162774-20176815	F46C3.1	30.882	68	33	1	4529	4732	598	651	8.53e-06	30.0
ChrII:20162774-20176815	F46C3.1	59.375	32	13	0	8898	8993	647	678	9.38e-05	48.5
ChrII:20266531-20275310	B0464.7	55.769	52	21	1	3961	4110	2	53	3.75e-10	58.2
ChrII:20266531-20275310	B0464.7	70.968	31	8	1	4342	4431	23	53	3.88e-06	47.0
ChrII:20266531-20275310	B0464.7	80.952	21	4	0	4663	4725	23	43	6.71e-05	42.4
ChrII:20266531-20275310	B0464.7	64.286	14	5	0	4626	4667	9	22	6.71e-05	25.0
ChrII:20271385-20276105	B0464.7	57.692	52	20	1	4714	4565	2	53	5.61e-11	60.1
ChrII:20271385-20276105	B0464.7	70.968	31	9	0	4333	4241	23	53	1.78e-07	50.1
ChrII:20271385-20276105	B0464.7	80.952	21	4	0	4009	3947	23	43	4.18e-05	42.4
ChrII:20271385-20276105	B0464.7	64.286	14	5	0	4046	4005	9	22	4.18e-05	25.0
ChrII:21582278-21596354	C29H12.3a	81.481	27	5	0	11849	11929	247	273	1.80e-15	55.8
ChrII:21582278-21596354	C29H12.3a	33.333	126	34	3	11355	11732	174	249	1.80e-15	48.1
ChrII:21582278-21596354	C29H12.3a	52.632	57	26	1	10841	11011	102	157	8.23e-08	57.4
ChrII:21582278-21596354	C29H12.3a	75.758	33	8	0	12720	12818	306	338	2.14e-07	55.8
ChrII:21582278-21596354	C29H12.3a	64.706	34	12	0	9586	9687	89	122	2.91e-06	52.4
ChrII:21582278-21596354	C29H12.3a	31.481	108	26	3	11240	11563	159	218	0.004	42.7
ChrII:22157574-22161580	F13D12.9	39.252	214	43	2	1829	2470	172	298	2.03e-59	137
ChrII:22157574-22161580	F13D12.9	80.556	36	7	0	2810	2917	339	374	2.03e-59	70.5
ChrII:22157574-22161580	F13D12.9	64.444	45	16	0	2583	2717	295	339	2.03e-59	62.8
ChrII:22157574-22161580	F13D12.9	41.379	29	17	0	3254	3340	404	432	0.001	33.9
ChrII:22157574-22161580	F13D12.9	76.923	13	3	0	3399	3437	431	443	0.001	28.1
ChrII:22321279-22326924	K08F11.4a	38.255	149	71	6	4003	3569	164	295	1.57e-15	80.9
ChrII:22321279-22326924	K08F11.4a	62.712	59	22	0	4575	4399	52	110	9.21e-11	65.9
ChrII:22707594-22713357	T05F1.3	38.824	85	20	2	3014	3268	90	142	1.97e-07	51.6
ChrII:22707594-22713357	T05F1.3	69.697	33	7	1	2770	2859	28	60	1.40e-06	49.3
ChrII:4500767-4507356	ZK185.5	35.537	121	34	1	619	257	243	319	1.61e-15	80.1
ChrII:4500767-4507356	ZK185.5	80.000	35	7	0	1227	1123	208	242	5.26e-10	63.2
ChrII:4500767-4507356	ZK185.5	62.857	35	13	0	107	3	317	351	3.65e-07	54.3
ChrII:4500767-4507356	ZK185.5	52.632	38	18	0	2065	1952	102	139	2.61e-04	45.1
ChrII:6551598-6560987	D1014.1	39.423	104	13	1	2661	2972	128	181	7.04e-33	77.0
ChrII:6551598-6560987	D1014.1	62.069	58	6	1	2293	2466	67	108	7.04e-33	70.5
ChrII:6551598-6560987	D1014.1	75.000	20	5	0	2561	2620	110	129	7.04e-33	35.0
ChrII:6551598-6560987	D1014.1	69.565	46	14	0	5149	5286	178	223	1.92e-13	75.1
ChrII:6551598-6560987	D1014.1	35.714	126	40	2	7481	7858	337	421	8.00e-06	50.8
ChrII:6551598-6560987	D1014.1	59.375	32	13	0	7158	7253	305	336	8.56e-05	47.4
ChrII:6551598-6560987	D1014.1	78.261	23	5	0	6952	7020	284	306	1.23e-04	47.0
ChrII:7686368-7689081	ZK973.10	67.647	34	11	0	2278	2379	116	149	9.07e-15	56.6
ChrII:7686368-7689081	ZK973.10	56.667	30	13	0	2496	2585	147	176	9.07e-15	42.7
ChrII:7686368-7689081	ZK973.10	59.375	32	12	1	1453	1545	63	94	0.003	38.9
ChrII:7686368-7689081	ZK973.10	50.000	34	17	0	1744	1845	93	126	0.005	38.5
ChrII:7689450-7692320	ZK973.10	36.364	88	26	3	2506	2769	92	149	6.10e-08	53.1
ChrII:7689450-7692320	ZK973.10	48.387	31	16	0	901	993	118	148	0.003	39.3
ChrII:8101986-8108884	E04F61.1i	35.484	124	49	2	2071	2442	334	426	1.20e-43	79.7
ChrII:8101986-8108884	E04F61.1i	74.359	39	10	0	3219	3335	586	624	1.20e-43	62.4
ChrII:8101986-8108884	E04F61.1i	30.147	136	47	7	2483	2860	427	524	1.20e-43	52.4
ChrII:8101986-8108884	E04F61.1i	40.299	67	14	2	2968	3168	546	586	1.20e-43	44.3
ChrII:8101986-8108884	E04F61.1i	70.492	61	4	1	1545	1727	262	308	1.17e-41	82.0
ChrII:8101986-8108884	E04F61.1i	73.333	45	12	0	1250	1384	194	238	1.17e-41	73.2
ChrII:8101986-8108884	E04F61.1i	70.000	20	6	0	1817	1876	307	326	1.17e-41	40.4
ChrII:8101986-8108884	E04F61.1i	75.000	20	5	0	1429	1488	238	257	1.17e-41	36.2
ChrII:8101986-8108884	E04F61.1i	47.143	70	29	2	5144	5341	888	953	7.16e-16	58.9
ChrII:8101986-8108884	E04F61.1i	38.235	68	38	2	4885	5088	829	892	7.16e-16	45.4
ChrII:8885495-8887431	Y38H6C.16	40.566	106	34	1	1088	771	48	124	5.60e-23	83.6
ChrII:8885495-8887431	Y38H6C.16	51.515	33	14	1	1299	1207	16	48	5.60e-23	34.3
ChrII:8885495-8887431	Y38H6C.16	39.286	28	17	0	693	610	124	151	5.60e-23	28.5
ChrII:8897154-8900457	C53D5.6	32.520	123	51	4	7	348	875	974	9.96e-07	52.8
ChrIII:13127630-13133844	F08B4.7	45.000	80	41	1	6159	5920	1	77	1.47e-15	75.1
ChrIII:13127630-13133844	F08B4.7	72.727	22	6	0	5981	5916	36	57	0.007	38.5
ChrIII:13609021-13631231	C16A3.7	61.111	36	14	0	5399	5506	583	618	2.19e-12	50.1
ChrIII:13609021-13631231	C16A3.7	52.941	34	16	0	5185	5286	552	585	2.19e-12	44.3
ChrIII:13609021-13631231	C16A3.7	65.854	41	14	0	2619	2741	312	352	3.62e-11	59.7
ChrIII:13609021-13631231	C16A3.7	33.333	33	21	1	2426	2524	280	311	3.62e-11	30.4
ChrIII:13609021-13631231	C16A3.7	52.000	50	21	1	4855	4995	504	553	1.92e-07	57.8
ChrIII:13609021-13631231	C16A3.7	65.000	40	14	0	5866	5985	612	651	3.12e-07	57.4
ChrIII:13609021-13631231	C16A3.7	60.606	33	13	0	8558	8656	903	935	3.03e-04	47.4
ChrIII:14198765-14206217	C12D8.11	31.250	96	31	1	2176	1889	422	482	5.83e-05	47.8
ChrIII:14198765-14206217	C12D8.11	68.966	29	9	0	928	842	547	575	2.45e-04	45.8
ChrIII:14757814-14761345	C50F4.13	44.615	130	33	3	2943	3332	18	108	2.19e-22	93.2
ChrIII:14899169-14903373	ZK418.6	23.810	168	83	4	3852	3349	100	222	7.13e-05	46.2
ChrIII:16463320-16472361	F41E6.14	51.613	31	15	0	7960	7868	177	207	7.31e-13	35.4
ChrIII:16463320-16472361	F41E6.14	47.059	34	18	0	8147	8046	132	165	7.31e-13	33.9
ChrIII:16463320-16472361	F41E6.14	62.963	27	6	1	8638	8570	29	55	7.31e-13	32.3
ChrIII:16463320-16472361	F41E6.14	28.750	80	41	1	8466	8227	64	127	7.31e-13	30.8
ChrIII:17315622-17357919	F34D10.6a	85.714	35	5	0	25021	25125	613	647	9.97e-23	65.5
ChrIII:17315622-17357919	F34D10.6a	73.529	34	9	0	25248	25349	647	680	9.97e-23	64.7
ChrIII:17315622-17357919	F34D10.6a	94.286	35	2	0	32553	32657	873	907	3.08e-12	74.7
ChrIII:17315622-17357919	F34D10.6a	91.176	34	3	0	25669	25770	680	713	4.22e-10	67.8
ChrIII:17315622-17357919	F34D10.6a	56.897	58	20	1	40969	41142	1168	1220	4.83e-10	67.4
ChrIII:17315622-17357919	F34D10.6a	57.895	57	17	1	35172	35342	948	997	3.17e-09	64.7
ChrIII:17315622-17357919	F34D10.6a	45.349	86	5	1	30179	30436	752	795	1.92e-08	62.4
ChrIII:17315622-17357919	F34D10.6a	82.353	34	6	0	38842	38943	1065	1098	2.85e-08	61.6
ChrIII:17315622-17357919	F34D10.6a	72.222	36	10	0	37713	37820	1029	1064	4.45e-08	60.8
ChrIII:17315622-17357919	F34D10.6a	65.854	41	14	0	24412	24534	571	611	9.48e-08	60.1
ChrIII:17315622-17357919	F34D10.6a	76.471	34	8	0	32935	33036	905	938	3.64e-07	58.2
ChrIII:17315622-17357919	F34D10.6a	96.296	27	1	0	31806	31886	847	873	4.45e-07	57.8
ChrIII:17315622-17357919	F34D10.6a	71.875	32	9	0	33452	33547	937	968	1.32e-05	52.8
ChrIII:17315622-17357919	F34D10.6a	78.571	28	6	0	39507	39590	1099	1126	1.33e-05	52.8
ChrIII:17315622-17357919	F34D10.6a	68.750	32	10	0	41929	42024	1201	1232	2.34e-05	52.0
ChrIII:17315622-17357919	F34D10.6a	45.312	64	27	1	20252	20419	457	520	2.46e-05	52.0
ChrIII:17315622-17357919	F34D10.6a	73.333	30	8	0	28962	29051	713	742	4.89e-05	50.8
ChrIII:17315622-17357919	F34D10.6a	52.381	42	20	0	38815	38940	865	906	1.40e-04	49.3
ChrIII:17315622-17357919	F34D10.6a	88.000	25	3	0	31105	31179	806	830	5.28e-04	47.8
ChrIII:17315622-17357919	F34D10.6a	45.000	60	30	1	37256	37435	999	1055	0.002	45.8
ChrIII:17832653-17838496	K08F11.4a	38.255	149	71	6	3967	3533	164	295	1.64e-15	80.9
ChrIII:17832653-17838496	K08F11.4a	61.017	59	23	0	4539	4363	52	110	3.02e-10	64.3
ChrIII:18543277-18550760	F07B7.12	44.898	49	26	1	1547	1690	1143	1191	2.26e-08	46.2
ChrIII:18543277-18550760	F07B7.12	26.471	34	25	0	1368	1469	1109	1142	2.26e-08	32.7
ChrIII:19134325-19140354	M142.4	58.824	51	16	2	3325	3468	89	137	8.00e-17	54.7
ChrIII:19134325-19140354	M142.4	82.143	28	5	0	3206	3289	64	91	8.00e-17	52.8
ChrIII:19134325-19140354	M142.4	63.333	30	7	1	4449	4526	112	141	3.83e-04	43.9
ChrIII:2601445-2609258	Y51B9A.6a	42.373	59	25	1	6723	6899	418	467	2.08e-09	45.8
ChrIII:2601445-2609258	Y51B9A.6a	60.000	20	8	0	6956	7015	465	484	2.08e-09	37.0
ChrIII:2601445-2609258	Y51B9A.6a	36.066	61	36	1	5813	5995	299	356	0.010	40.4
ChrIII:4003364-4008349	F08F3.3	50.000	40	20	0	397	278	418	457	1.26e-05	49.3
ChrIII:4003364-4008349	F08F3.3	38.028	71	21	1	1818	1606	241	288	8.42e-05	46.6
ChrIII:4003364-4008349	F08F3.3	59.375	32	13	0	2651	2556	163	194	7.08e-04	43.5
ChrIII:4003364-4008349	F08F3.3	34.831	89	15	1	3653	3387	56	101	0.001	42.7
ChrIII:4003364-4008349	F08F3.3	55.882	34	15	0	3061	2960	112	145	0.007	40.4
ChrIII:4157822-4160148	F23B2.12	43.590	39	22	0	1086	1202	620	658	1.43e-08	46.6
ChrIII:4157822-4160148	F23B2.12	57.692	26	10	1	962	1036	592	617	1.43e-08	31.2
ChrIII:4166656-4175366	F41G3.20	53.659	41	19	0	149	27	186	226	1.07e-07	46.6
ChrIII:4166656-4175366	F41G3.20	70.588	17	5	0	252	202	132	148	1.07e-07	30.0
ChrIII:4166656-4175366	F41G3.20	54.286	35	14	1	536	438	191	225	0.001	42.4
ChrIII:4183522-4188448	F58E1.6b	53.205	156	12	3	2779	3243	336	431	9.54e-35	142
ChrIII:4183522-4188448	F58E1.6b	55.814	43	18	1	3685	3810	461	503	1.24e-12	55.1
ChrIII:4183522-4188448	F58E1.6b	36.735	49	31	0	3848	3994	501	549	1.24e-12	38.1
ChrIII:4183522-4188448	F58E1.6b	86.667	30	4	0	563	652	109	138	7.80e-10	63.2
ChrIII:4183522-4188448	F58E1.6b	90.476	21	2	0	1101	1163	180	200	3.47e-08	39.7
ChrIII:4183522-4188448	F58E1.6b	40.323	62	9	1	793	978	137	170	3.47e-08	37.7
ChrIII:4183522-4188448	F58E1.6b	76.667	30	7	0	3486	3575	446	475	1.41e-06	52.4
ChrIII:4183522-4188448	F58E1.6b	73.077	26	7	0	1479	1556	200	225	0.005	40.8
ChrIII:5924258-5927283	Y46H3A.1b	26.582	79	27	1	2204	2440	244	291	3.12e-05	34.3
ChrIII:5924258-5927283	Y46H3A.1b	28.750	80	54	2	1887	2123	172	249	3.12e-05	32.7
ChrIII:6720653-6727080	T10B9.3	56.667	30	13	0	4787	4876	325	354	4.27e-09	44.7
ChrIII:6720653-6727080	T10B9.3	51.724	29	14	0	4635	4721	297	325	4.27e-09	36.6
ChrIII:7059917-7064120	R12G8.2	65.517	29	10	0	1145	1059	388	416	2.70e-06	51.2
ChrIII:7059917-7064120	R12G8.2	54.762	42	19	0	128	3	505	546	5.40e-06	50.4
ChrIII:7422202-7424042	C28C12.4	29.245	106	65	4	954	1250	47	149	7.92e-04	40.8
ChrIII:9596354-9599850	F37C12.12	53.704	54	24	1	2007	2165	283	336	4.82e-25	58.2
ChrIII:9596354-9599850	F37C12.12	67.857	28	9	0	1647	1730	220	247	4.82e-25	43.1
ChrIII:9596354-9599850	F37C12.12	42.500	40	23	0	1843	1962	249	288	4.82e-25	42.4
ChrIII:9596354-9599850	F37C12.12	32.143	56	29	1	1453	1620	178	224	4.82e-25	30.4
ChrIII:9596354-9599850	F37C12.12	36.424	151	41	3	2249	2701	325	420	2.80e-19	91.7
ChrIII:9596354-9599850	F37C12.12	58.974	39	16	0	1030	1146	111	149	6.98e-15	52.0
ChrIII:9596354-9599850	F37C12.12	43.137	51	29	0	759	911	59	109	6.98e-15	47.8
ChrIII:9596354-9599850	F37C12.12	60.000	45	18	0	1382	1516	161	205	1.49e-11	67.4
ChrIII:9596354-9599850	F37C12.12	59.259	27	11	0	87	167	1	27	0.005	40.4
ChrIII:9833163-9836811	F55H2.1b	37.821	156	42	2	2631	3098	74	174	3.40e-21	93.2
ChrIV:1003034-1005889	C47E12.4b	62.791	43	16	0	1573	1445	202	244	3.72e-43	67.0
ChrIV:1003034-1005889	C47E12.4b	64.444	45	16	0	1173	1039	281	325	3.72e-43	63.9
ChrIV:1003034-1005889	C47E12.4b	61.538	39	15	0	1343	1227	243	281	3.72e-43	54.7
ChrIV:1003034-1005889	C47E12.4b	41.026	39	23	0	976	860	325	363	3.72e-43	39.3
ChrIV:1003034-1005889	C47E12.4b	56.522	23	10	0	824	756	362	384	3.72e-43	30.4
ChrIV:1003034-1005889	C47E12.4b	65.116	43	15	0	1912	1784	165	207	2.60e-13	72.4
ChrIV:10045369-10048926	R12G8.2	49.153	59	28	1	214	38	504	560	4.11e-09	60.1
ChrIV:10368741-10371019	R10D12.1	31.099	373	134	9	313	1410	36	292	5.60e-47	150
ChrIV:10368741-10371019	R10D12.1	67.568	37	12	0	1442	1552	289	325	5.60e-47	56.2
ChrIV:10368741-10371019	R10D12.1	37.857	140	55	3	1587	1994	313	424	2.05e-28	87.8
ChrIV:10368741-10371019	R10D12.1	64.286	42	15	0	2039	2164	422	463	2.05e-28	57.4
ChrIV:1039739-1043307	K07C11.5	55.263	38	13	2	280	381	38	75	0.006	38.5
ChrIV:10935249-10938523	D1054.8	27.517	149	64	3	1802	1356	43	147	1.53e-21	52.4
ChrIV:10935249-10938523	D1054.8	74.194	31	8	0	1936	1844	13	43	1.53e-21	48.9
ChrIV:10935249-10938523	D1054.8	51.613	31	15	0	1276	1184	160	190	1.53e-21	33.5
ChrIV:10935249-10938523	D1054.8	57.895	19	8	0	1125	1069	190	208	1.53e-21	26.9
ChrIV:10935249-10938523	D1054.8	66.667	33	9	1	276	184	12	44	1.29e-04	40.8
ChrIV:10935249-10938523	D1054.8	45.000	20	11	0	68	9	44	63	1.29e-04	24.3
ChrIV:10967299-10972730	Y53F4B.2	44.444	90	26	1	3147	2878	138	203	1.93e-26	72.4
ChrIV:10967299-10972730	Y53F4B.2	32.381	105	40	2	3518	3204	68	141	1.93e-26	52.8
ChrIV:10967299-10972730	Y53F4B.2	51.282	39	19	0	2816	2700	205	243	1.93e-26	29.6
ChrIV:10967299-10972730	Y53F4B.2	55.556	18	8	0	2635	2582	242	259	1.93e-26	24.3
ChrIV:10967299-10972730	Y53F4B.2	52.174	46	19	1	4884	4747	132	174	9.68e-20	55.8
ChrIV:10967299-10972730	Y53F4B.2	36.709	79	34	3	4645	4412	182	245	9.68e-20	45.1
ChrIV:10967299-10972730	Y53F4B.2	51.613	31	15	0	4364	4272	239	269	9.68e-20	36.2
ChrIV:1126092-1128140	ZK856.8	48.039	102	24	2	1205	906	41	115	7.00e-22	83.6
ChrIV:1126092-1128140	ZK856.8	85.000	20	3	0	841	782	118	137	7.00e-22	39.3
ChrIV:1126092-1128140	ZK856.8	50.633	79	5	1	524	288	151	195	2.98e-17	68.6
ChrIV:1126092-1128140	ZK856.8	37.705	61	37	1	730	551	99	159	2.98e-17	38.9
ChrIV:1126092-1128140	ZK856.8	77.778	18	4	0	1401	1348	24	41	0.008	30.4
ChrIV:1126092-1128140	ZK856.8	59.091	22	9	0	1526	1461	1	22	0.008	27.3
ChrIV:11411638-11423568	DH11.3	76.000	50	12	0	3241	3092	1157	1206	5.74e-19	62.4
ChrIV:11411638-11423568	DH11.3	58.065	31	13	0	3054	2962	1203	1233	5.74e-19	41.6
ChrIV:11411638-11423568	DH11.3	60.870	23	9	0	3359	3291	1133	1155	5.74e-19	31.2
ChrIV:11524010-11526050	F28H7.2	28.846	156	60	3	1447	1914	161	265	4.68e-15	45.8
ChrIV:11524010-11526050	F28H7.2	37.736	53	31	2	922	1077	41	92	4.68e-15	36.2
ChrIV:11524010-11526050	F28H7.2	45.161	31	17	0	1263	1355	121	151	4.68e-15	32.0
ChrIV:11524010-11526050	F28H7.2	33.333	33	22	0	1121	1219	91	123	4.68e-15	24.3
ChrIV:11631601-11652403	C47A10.1	51.304	115	37	3	11526	11188	460	557	1.43e-43	99.0
ChrIV:11631601-11652403	C47A10.1	42.647	68	30	1	11129	10953	563	630	1.43e-43	59.7
ChrIV:11631601-11652403	C47A10.1	29.851	67	34	1	11911	11711	376	429	1.43e-43	44.7
ChrIV:11631601-11652403	C47A10.1	48.485	33	17	0	11669	11571	428	460	1.43e-43	36.6
ChrIV:11631601-11652403	C47A10.1	60.417	48	19	0	4859	4716	554	601	3.51e-40	64.3
ChrIV:11631601-11652403	C47A10.1	71.154	52	15	0	5035	4880	510	561	3.51e-40	61.2
ChrIV:11631601-11652403	C47A10.1	37.333	75	33	1	5486	5262	400	460	3.51e-40	57.4
ChrIV:11631601-11652403	C47A10.1	51.111	45	21	1	5223	5092	460	504	3.51e-40	45.4
ChrIV:11631601-11652403	C47A10.1	36.122	263	83	5	9029	8247	1090	1269	8.05e-35	147
ChrIV:11631601-11652403	C47A10.1	40.816	196	72	3	8834	8247	469	620	1.31e-33	144
ChrIV:11631601-11652403	C47A10.1	38.197	233	80	9	953	264	1099	1270	2.84e-25	116
ChrIV:11631601-11652403	C47A10.1	25.784	287	143	12	1555	716	944	1167	2.46e-10	67.4
ChrIV:11631601-11652403	C47A10.1	27.841	176	82	5	1261	734	379	509	9.51e-10	65.5
ChrIV:11631601-11652403	C47A10.1	68.519	54	17	0	5035	4874	1159	1212	3.25e-09	63.5
ChrIV:11631601-11652403	C47A10.1	24.457	184	90	6	9498	8980	981	1126	2.13e-04	47.8
ChrIV:11631601-11652403	C47A10.1	23.333	90	54	1	12817	12548	166	240	0.005	43.1
ChrIV:11712815-11714245	C43F9.5	53.061	49	20	1	237	100	200	248	3.73e-15	50.8
ChrIV:11712815-11714245	C43F9.5	48.980	49	25	0	430	284	153	201	3.73e-15	48.9
ChrIV:12006669-12015680	Y39D8C.1	51.176	170	36	3	1023	514	1597	1719	1.29e-95	173
ChrIV:12006669-12015680	Y39D8C.1	57.609	92	25	1	1525	1250	1482	1559	1.29e-95	115
ChrIV:12006669-12015680	Y39D8C.1	80.645	31	6	0	1175	1083	1567	1597	1.29e-95	53.5
ChrIV:12006669-12015680	Y39D8C.1	67.742	31	10	0	467	375	1721	1751	1.29e-95	47.8
ChrIV:12006669-12015680	Y39D8C.1	69.231	26	8	0	1659	1582	1459	1484	1.29e-95	45.1
ChrIV:12006669-12015680	Y39D8C.1	43.860	114	35	2	5634	5293	647	731	1.32e-64	89.7
ChrIV:12006669-12015680	Y39D8C.1	36.184	152	49	2	6130	5675	544	647	1.32e-64	73.2
ChrIV:12006669-12015680	Y39D8C.1	81.250	32	6	0	6269	6174	512	543	1.32e-64	66.2
ChrIV:12006669-12015680	Y39D8C.1	34.483	87	25	1	6585	6325	458	512	1.32e-64	59.3
ChrIV:12006669-12015680	Y39D8C.1	50.000	32	16	0	6742	6647	422	453	1.32e-64	42.0
ChrIV:12006669-12015680	Y39D8C.1	34.252	254	83	5	5330	4578	699	871	2.27e-53	123
ChrIV:12006669-12015680	Y39D8C.1	31.469	143	62	2	4290	3862	903	1009	2.27e-53	74.3
ChrIV:12006669-12015680	Y39D8C.1	75.758	33	8	0	4498	4400	872	904	2.27e-53	53.9
ChrIV:12006669-12015680	Y39D8C.1	35.366	82	24	1	7453	7208	298	350	5.81e-28	58.9
ChrIV:12006669-12015680	Y39D8C.1	61.111	36	14	0	7139	7032	351	386	5.81e-28	58.5
ChrIV:12006669-12015680	Y39D8C.1	37.143	70	29	1	7703	7494	245	299	5.81e-28	48.5
ChrIV:12006669-12015680	Y39D8C.1	64.516	31	11	0	3197	3105	1161	1191	2.44e-14	45.1
ChrIV:12006669-12015680	Y39D8C.1	45.238	42	23	0	3372	3247	1119	1160	2.44e-14	42.4
ChrIV:12006669-12015680	Y39D8C.1	38.462	26	16	0	2995	2918	1203	1228	2.44e-14	31.6
ChrIV:12006669-12015680	Y39D8C.1	34.286	70	30	2	2408	2199	1300	1353	7.56e-11	47.0
ChrIV:12006669-12015680	Y39D8C.1	77.778	18	4	0	2526	2473	1278	1295	7.56e-11	31.6
ChrIV:12006669-12015680	Y39D8C.1	33.824	68	31	3	2151	1948	1354	1407	7.56e-11	27.7
ChrIV:12006669-12015680	Y39D8C.1	77.778	27	6	0	4927	4847	796	822	4.12e-06	52.4
ChrIV:12358302-12359981	Y113G7B.12	25.472	106	73	3	573	265	817	919	3.35e-07	52.8
ChrIV:12385538-12390332	F08F3.7	31.915	141	58	3	3055	2633	380	482	2.13e-36	77.8
ChrIV:12385538-12390332	F08F3.7	33.721	86	41	2	3965	3711	158	228	2.13e-36	52.0
ChrIV:12385538-12390332	F08F3.7	47.619	42	22	0	3302	3177	321	362	2.13e-36	46.2
ChrIV:12385538-12390332	F08F3.7	26.316	95	57	3	3645	3370	237	321	2.13e-36	37.4
ChrIV:12385538-12390332	F08F3.7	28.571	231	108	8	921	238	289	465	3.97e-23	83.6
ChrIV:12385538-12390332	F08F3.7	45.161	31	17	0	1401	1309	169	199	3.97e-23	33.1
ChrIV:12385538-12390332	F08F3.7	31.579	76	36	3	1214	993	215	276	3.97e-23	29.6
ChrIV:12385538-12390332	F08F3.7	42.857	21	12	0	190	128	463	483	3.97e-23	21.9
ChrIV:12385538-12390332	F08F3.7	43.182	44	25	0	2025	1894	40	83	2.97e-06	40.4
ChrIV:12385538-12390332	F08F3.7	34.146	41	26	1	2200	2078	1	40	2.97e-06	30.4
ChrIV:12385538-12390332	F08F3.7	28.972	107	55	1	4716	4396	1	86	5.66e-06	50.4
ChrIV:12385538-12390332	F08F3.7	42.857	42	24	0	1685	1560	108	149	5.08e-05	47.4
ChrIV:12619250-12621855	W06D12.5	32.990	97	41	1	553	263	434	506	2.28e-22	62.8
ChrIV:12619250-12621855	W06D12.5	46.154	52	28	0	1005	850	333	384	2.28e-22	49.7
ChrIV:12619250-12621855	W06D12.5	32.432	37	25	0	731	621	394	430	2.28e-22	32.3
ChrIV:12619250-12621855	W06D12.5	50.000	36	18	0	110	3	545	580	5.58e-05	46.2
ChrIV:1278547-1280739	R07B1.13	41.509	53	31	0	1676	1834	37	89	2.56e-05	44.3
ChrIV:1278547-1280739	R07B1.13	38.462	52	32	0	233	388	39	90	0.001	39.3
ChrIV:12841842-12849782	C49H3.1	49.708	171	42	4	2325	1813	673	799	1.74e-169	156
ChrIV:12841842-12849782	C49H3.1	50.000	116	22	2	2717	2370	593	672	1.74e-169	119
ChrIV:12841842-12849782	C49H3.1	42.408	191	49	5	1741	1169	801	930	1.74e-169	117
ChrIV:12841842-12849782	C49H3.1	65.306	49	17	0	754	608	1003	1051	1.74e-169	79.3
ChrIV:12841842-12849782	C49H3.1	32.143	140	40	2	3397	2990	473	561	1.74e-169	67.0
ChrIV:12841842-12849782	C49H3.1	73.684	38	10	0	2949	2836	560	597	1.74e-169	66.2
ChrIV:12841842-12849782	C49H3.1	75.000	36	9	0	902	795	969	1004	1.74e-169	65.9
ChrIV:12841842-12849782	C49H3.1	45.763	59	18	1	1113	937	927	971	1.74e-169	58.2
ChrIV:12841842-12849782	C49H3.1	63.333	30	11	0	570	481	1050	1079	1.74e-169	36.6
ChrIV:12841842-12849782	C49H3.1	36.585	164	49	4	3644	3165	423	535	1.22e-53	88.6
ChrIV:12841842-12849782	C49H3.1	59.184	49	20	0	3871	3725	362	410	1.22e-53	65.1
ChrIV:12841842-12849782	C49H3.1	67.500	40	13	0	4184	4065	291	330	1.22e-53	62.8
ChrIV:12841842-12849782	C49H3.1	77.419	31	7	0	4014	3922	330	360	1.22e-53	56.2
ChrIV:12841842-12849782	C49H3.1	38.806	134	48	2	5664	5263	85	184	4.18e-24	82.8
ChrIV:12841842-12849782	C49H3.1	60.526	38	12	1	5215	5102	177	211	4.18e-24	49.7
ChrIV:12841842-12849782	C49H3.1	36.283	113	36	2	5004	4699	178	265	1.09e-22	71.6
ChrIV:12841842-12849782	C49H3.1	52.381	42	20	0	4666	4541	263	304	1.09e-22	55.8
ChrIV:12841842-12849782	C49H3.1	86.842	38	5	0	5543	5430	106	143	4.94e-14	78.2
ChrIV:12841842-12849782	C49H3.1	78.378	37	8	0	1631	1521	823	859	2.32e-12	72.4
ChrIV:13044603-13059250	F39G3.1	33.333	345	125	10	10417	9386	123	363	9.81e-70	179
ChrIV:13044603-13059250	F39G3.1	37.374	99	45	2	9362	9066	358	439	9.81e-70	76.3
ChrIV:13044603-13059250	F39G3.1	49.057	53	25	1	8881	8723	471	521	9.81e-70	42.7
ChrIV:13044603-13059250	F39G3.1	36.364	33	21	0	9021	8923	439	471	9.81e-70	29.6
ChrIV:13096541-13099613	Y113G7B.17	39.080	174	40	4	578	57	57	164	1.01e-28	101
ChrIV:13096541-13099613	Y113G7B.17	90.909	22	2	0	694	629	41	62	1.01e-28	44.7
ChrIV:13462719-13479632	H23N18.3	29.496	139	57	4	9965	10366	293	395	7.95e-20	52.4
ChrIV:13462719-13479632	H23N18.3	46.939	49	26	0	10414	10560	395	443	7.95e-20	46.2
ChrIV:13462719-13479632	H23N18.3	43.902	41	23	0	10587	10709	439	479	7.95e-20	40.0
ChrIV:13462719-13479632	H23N18.3	51.020	49	21	2	10125	10268	332	378	1.21e-04	48.1
ChrIV:13706725-13711754	K09A11.4	37.755	98	50	1	2491	2784	1	87	2.40e-06	51.6
ChrIV:13721450-13724746	K09A11.4	33.129	163	76	3	2411	2899	285	414	1.19e-20	96.3
ChrIV:13721450-13724746	K09A11.4	39.344	61	37	0	3102	3284	428	488	7.34e-09	58.9
ChrIV:13721450-13724746	K09A11.4	43.590	39	22	0	1686	1802	159	197	1.55e-04	45.1
ChrIV:13737034-13747011	C24G7.4	24.837	153	84	3	1115	1570	210	332	1.74e-14	48.5
ChrIV:13737034-13747011	C24G7.4	27.523	109	51	2	545	871	84	164	1.74e-14	43.9
ChrIV:13737034-13747011	C24G7.4	26.923	52	38	0	910	1065	161	212	1.74e-14	26.9
ChrIV:13737034-13747011	C24G7.4	28.346	127	44	5	3055	3432	431	511	4.57e-08	47.4
ChrIV:13737034-13747011	C24G7.4	45.833	24	13	0	3491	3562	516	539	4.57e-08	31.2
ChrIV:13737034-13747011	C24G7.4	40.000	40	22	1	2635	2754	351	388	1.87e-05	37.0
ChrIV:13737034-13747011	C24G7.4	64.706	17	6	0	2796	2846	388	404	1.87e-05	32.3
ChrIV:13875126-13879822	D1009.4a	36.126	191	106	11	2683	2111	22	196	8.60e-06	48.1
ChrIV:13875126-13879822	D1009.4a	36.310	168	97	10	3082	2579	47	204	6.48e-04	42.4
ChrIV:14411583-14419297	F11G11.2	69.697	33	10	0	7295	7393	44	76	2.43e-16	51.6
ChrIV:14411583-14419297	F11G11.2	39.655	58	35	0	7437	7610	76	133	2.43e-16	50.8
ChrIV:14411583-14419297	F11G11.2	45.161	31	14	1	7621	7713	129	156	2.43e-16	23.1
ChrIV:14411583-14419297	F11G11.2	32.895	76	36	1	5903	6130	16	76	4.60e-06	49.3
ChrIV:14437561-14438736	C03G6.13	30.114	176	75	3	546	19	123	250	5.63e-22	82.4
ChrIV:14437561-14438736	C03G6.13	56.098	41	16	1	713	597	80	120	5.63e-22	39.7
ChrIV:1455382-1460316	R04D3.1	64.103	39	14	0	4100	3984	109	147	2.26e-09	61.2
ChrIV:1455382-1460316	R04D3.1	42.857	35	20	0	1883	1779	287	321	9.30e-05	36.6
ChrIV:1455382-1460316	R04D3.1	42.308	26	15	0	1741	1664	321	346	9.30e-05	29.3
ChrIV:14594573-14599004	Y57E12B.3	36.905	84	38	2	2151	1900	198	266	8.58e-28	60.5
ChrIV:14594573-14599004	Y57E12B.3	57.500	40	17	0	2336	2217	148	187	8.58e-28	54.3
ChrIV:14594573-14599004	Y57E12B.3	32.927	82	40	1	1877	1632	260	326	8.58e-28	48.9
ChrIV:14594573-14599004	Y57E12B.3	40.244	82	38	1	4299	4054	154	224	1.48e-24	60.5
ChrIV:14594573-14599004	Y57E12B.3	48.649	37	19	0	4013	3903	224	260	1.48e-24	46.2
ChrIV:14594573-14599004	Y57E12B.3	29.348	92	49	2	3865	3590	258	333	1.48e-24	46.2
ChrIV:14594573-14599004	Y57E12B.3	23.596	178	90	4	1238	708	392	524	3.75e-11	67.0
ChrIV:14594573-14599004	Y57E12B.3	34.091	44	29	0	2984	2853	444	487	2.79e-05	38.5
ChrIV:14594573-14599004	Y57E12B.3	30.612	49	30	1	3166	3020	401	445	2.79e-05	29.3
ChrIV:15236471-15254711	K08E5.3a	33.333	93	50	4	3535	3260	2114	2195	1.11e-11	49.7
ChrIV:15236471-15254711	K08E5.3a	32.653	98	53	4	3179	2892	2212	2298	1.11e-11	41.6
ChrIV:15236471-15254711	K08E5.3a	33.333	96	55	3	3535	3248	2619	2705	2.18e-11	50.4
ChrIV:15236471-15254711	K08E5.3a	34.783	92	49	3	3535	3260	2163	2243	6.19e-07	56.2
ChrIV:15236471-15254711	K08E5.3a	38.372	86	41	5	3508	3260	1768	1844	1.01e-04	48.9
ChrIV:15236471-15254711	K08E5.3a	32.673	101	53	3	3188	2892	2667	2754	0.001	45.4
ChrIV:15236471-15254711	K08E5.3a	32.673	101	54	4	3182	2892	911	1001	0.006	43.1
ChrIV:16341098-16349974	Y54G11A1.3a	44.048	168	45	6	7368	6874	339	460	9.00e-88	124
ChrIV:16341098-16349974	Y54G11A1.3a	45.669	127	37	3	7784	7407	245	340	9.00e-88	101
ChrIV:16341098-16349974	Y54G11A1.3a	37.576	165	56	3	8305	7817	129	248	9.00e-88	100
ChrIV:16341098-16349974	Y54G11A1.3a	32.558	129	41	2	8784	8422	33	123	9.00e-88	61.6
ChrIV:16341098-16349974	Y54G11A1.3a	35.204	196	64	6	8669	8082	56	188	1.10e-20	98.2
ChrIV:16478190-16479809	K12C11.6	51.351	37	18	0	572	682	92	128	1.24e-12	40.0
ChrIV:16478190-16479809	K12C11.6	31.579	76	38	2	298	525	32	93	1.24e-12	38.1
ChrIV:16478190-16479809	K12C11.6	45.833	24	13	0	182	253	9	32	1.24e-12	32.7
ChrIV:21503561-21507898	Y113G7B.12	25.077	323	216	9	2652	3602	660	962	3.24e-08	57.8
ChrIV:21813275-21833567	F13B10.2a	72.581	62	17	0	11388	11573	61	122	3.67e-22	102
ChrIV:21813275-21833567	F13B10.2a	83.673	49	8	0	12611	12757	204	252	4.09e-17	87.0
ChrIV:21813275-21833567	F13B10.2a	80.645	31	6	0	12932	13024	354	384	5.77e-05	48.9
ChrIV:21813275-21833567	F13B10.2a	62.500	32	12	0	12324	12419	174	205	5.16e-04	45.8
ChrIV:2183243-2186494	C36A4.6	44.643	56	31	0	2873	3040	419	474	1.30e-07	55.1
ChrIV:2183243-2186494	C36A4.6	21.053	76	45	1	1197	1424	181	241	1.33e-04	34.7
ChrIV:2183243-2186494	C36A4.6	33.929	56	21	1	937	1104	133	172	1.33e-04	30.0
ChrIV:2183243-2186494	C36A4.6	44.186	43	24	0	2008	2136	300	342	0.004	40.4
ChrIV:22363698-22368056	Y71H2AM.13	30.702	114	39	3	3835	3494	84	157	6.17e-29	54.3
ChrIV:22363698-22368056	Y71H2AM.13	70.968	31	9	0	4295	4203	13	43	6.17e-29	49.7
ChrIV:22363698-22368056	Y71H2AM.13	42.500	40	23	0	3417	3298	164	203	6.17e-29	42.7
ChrIV:22363698-22368056	Y71H2AM.13	46.154	26	14	0	4141	4064	43	68	6.17e-29	32.0
ChrIV:22363698-22368056	Y71H2AM.13	52.381	21	10	0	3980	3918	60	80	6.17e-29	28.1
ChrIV:22369177-22375067	R11A8.3	35.648	216	60	3	1190	1837	94	230	2.90e-29	124
ChrIV:22369177-22375067	R11A8.3	30.709	127	46	4	2087	2452	217	306	4.73e-08	48.1
ChrIV:22369177-22375067	R11A8.3	50.000	30	15	0	2494	2583	304	333	4.73e-08	29.3
ChrIV:22369177-22375067	R11A8.3	60.000	35	14	0	3321	3425	359	393	8.46e-06	50.1
ChrIV:22369177-22375067	R11A8.3	45.238	42	23	0	4063	4188	391	432	1.62e-04	45.8
ChrIV:22545820-22548579	C12D5.7	41.584	101	43	1	879	1181	104	188	2.38e-20	84.7
ChrIV:22545820-22548579	C12D5.7	30.769	65	30	1	650	844	57	106	2.38e-20	33.5
ChrIV:23928722-23930218	K02D7.2	61.728	81	17	1	1060	1302	80	146	1.00e-25	98.2
ChrIV:23928722-23930218	K02D7.2	40.000	45	25	1	1356	1490	149	191	1.00e-25	37.0
ChrIV:25248503-25265186	T22B7.1a	39.623	106	19	1	11556	11239	364	424	5.50e-17	87.4
ChrIV:25248503-25265186	T22B7.1a	72.414	29	8	0	11871	11785	336	364	6.38e-06	52.0
ChrIV:25267944-25280993	C36B1.3	50.893	112	29	1	8741	8406	1	86	8.16e-27	112
ChrIV:25545582-25551714	W09C3.8	26.154	130	71	4	2799	3167	149	260	8.13e-04	43.1
ChrIV:27106418-27116304	T22C8.2	44.444	45	25	0	1615	1749	63	107	0.002	42.7
ChrIV:2936553-2940690	F10A3.6	40.476	42	25	0	220	345	23	64	0.003	40.8
ChrIV:2945374-2952851	R05G6.6	35.938	128	39	1	4654	5037	232	316	3.36e-16	84.0
ChrIV:2945374-2952851	R05G6.6	80.000	30	6	0	5595	5684	352	381	1.13e-09	52.4
ChrIV:2945374-2952851	R05G6.6	82.353	17	3	0	5747	5797	382	398	1.13e-09	30.8
ChrIV:2945374-2952851	R05G6.6	42.466	73	26	2	1108	1326	106	162	1.05e-06	53.5
ChrIV:2945374-2952851	R05G6.6	63.333	30	11	0	5940	6029	397	426	2.66e-05	48.9
ChrIV:2945374-2952851	R05G6.6	74.194	31	8	0	503	595	29	59	1.34e-04	46.6
ChrIV:2945374-2952851	R05G6.6	60.000	35	13	1	5353	5454	317	351	6.15e-04	44.3
ChrIV:29928705-29942254	F23B2.11	53.846	39	18	0	1524	1408	884	922	2.34e-07	57.0
ChrIV:29928705-29942254	F23B2.11	65.714	35	12	0	3363	3259	700	734	1.42e-06	54.3
ChrIV:29928705-29942254	F23B2.11	63.636	33	12	0	9399	9301	885	917	1.29e-05	51.2
ChrIV:29928705-29942254	F23B2.11	48.980	49	25	0	447	301	988	1036	3.37e-05	49.7
ChrIV:29928705-29942254	F23B2.11	32.353	102	47	4	11453	11148	62	141	2.50e-04	47.0
ChrIV:29928705-29942254	F23B2.11	68.571	35	9	1	802	698	956	988	5.21e-04	45.4
ChrIV:29928705-29942254	F23B2.11	50.000	14	7	0	905	864	940	953	5.21e-04	19.2
ChrIV:3007326-3015478	F09C8.1	26.794	209	80	5	5752	5132	80	217	1.15e-09	62.4
ChrIV:3007326-3015478	F09C8.1	35.443	79	23	2	4455	4219	317	367	1.43e-04	43.9
ChrIV:3007326-3015478	F09C8.1	53.846	13	6	0	4586	4548	303	315	1.43e-04	21.9
ChrIV:3082978-3084748	C17G1.3a	70.000	20	6	0	1718	1659	13	32	0.002	32.3
ChrIV:3082978-3084748	C17G1.3a	47.619	21	11	0	1659	1597	34	54	0.002	26.9
ChrIV:3085409-3090075	K08B4.4	41.071	56	33	0	3171	3338	273	328	3.08e-13	51.6
ChrIV:3085409-3090075	K08B4.4	26.613	124	43	2	3436	3789	327	408	3.08e-13	43.1
ChrIV:3231045-3237489	T05D4.4a	49.138	116	23	2	5584	5931	534	613	4.04e-24	109
ChrIV:3231045-3237489	T05D4.4a	80.000	40	8	0	6231	6350	612	651	5.95e-09	60.8
ChrIV:3696130-3697452	F55H12.4	40.909	44	26	0	226	95	165	208	3.76e-07	50.1
ChrIV:3696130-3697452	F55H12.4	45.455	44	24	0	791	660	86	129	3.48e-06	47.4
ChrIV:3986777-3989932	Y57A10C.6	49.677	155	15	2	2438	2902	297	388	5.05e-43	142
ChrIV:3986777-3989932	Y57A10C.6	50.000	52	22	2	2241	2384	253	304	5.05e-43	51.6
ChrIV:3986777-3989932	Y57A10C.6	53.012	83	16	1	1036	1284	83	142	3.50e-22	77.4
ChrIV:3986777-3989932	Y57A10C.6	63.333	30	11	0	1377	1466	142	171	3.50e-22	47.0
ChrIV:3986777-3989932	Y57A10C.6	59.259	27	11	0	1824	1904	194	220	3.42e-11	43.9
ChrIV:3986777-3989932	Y57A10C.6	85.000	20	3	0	1673	1732	172	191	3.42e-11	43.1
ChrIV:3986777-3989932	Y57A10C.6	64.865	37	13	0	764	874	48	84	6.06e-09	58.9
ChrIV:3986777-3989932	Y57A10C.6	55.769	52	17	1	1955	2092	205	256	5.27e-08	55.8
ChrIV:3986777-3989932	Y57A10C.6	36.471	85	24	3	163	417	2	56	0.001	42.0
ChrIV:4107054-4112443	H34C03.2b	47.368	95	27	1	2114	2398	777	848	3.20e-26	85.5
ChrIV:4107054-4112443	H34C03.2b	51.923	52	22	2	2505	2654	849	899	3.20e-26	53.1
ChrIV:4107054-4112443	H34C03.2b	46.250	80	30	1	1749	1988	456	522	1.58e-18	79.7
ChrIV:4107054-4112443	H34C03.2b	37.143	35	22	0	2051	2155	520	554	1.58e-18	33.1
ChrIV:4107054-4112443	H34C03.2b	55.000	40	18	0	1035	1154	361	400	3.79e-08	58.2
ChrIV:4107054-4112443	H34C03.2b	35.484	62	26	1	1292	1477	401	448	2.41e-05	48.9
ChrIV:4107054-4112443	H34C03.2b	35.484	62	38	1	183	368	52	111	0.001	43.1
ChrIV:4687072-4689377	ZK180.4	41.584	101	33	2	904	1206	119	193	2.78e-16	77.4
ChrIV:4687072-4689377	ZK180.4	37.500	72	34	2	148	363	16	76	2.60e-06	48.1
ChrIV:4770975-4773664	Y39B6A.27	26.515	132	58	4	600	965	117	219	2.80e-06	37.4
ChrIV:4770975-4773664	Y39B6A.27	26.506	83	46	1	296	544	46	113	2.80e-06	32.7
ChrIV:4854802-4858402	F26H9.6	88.636	44	5	0	407	538	61	104	2.17e-25	88.2
ChrIV:4854802-4858402	F26H9.6	80.645	31	4	1	240	326	31	61	2.17e-25	47.4
ChrIV:4888770-4889720	C08B6.1b	58.621	29	12	0	863	777	25	53	2.49e-04	42.0
ChrIV:4890969-4893942	C08F11.8	30.070	143	48	2	1493	1921	253	343	5.89e-25	68.2
ChrIV:4890969-4893942	C08F11.8	37.864	103	34	1	2189	2497	369	441	5.89e-25	61.6
ChrIV:4890969-4893942	C08F11.8	28.571	35	25	0	2005	2109	343	377	5.89e-25	23.9
ChrIV:5338947-5345893	C50B6.7	43.646	181	52	4	4189	3650	360	491	1.02e-63	139
ChrIV:5338947-5345893	C50B6.7	38.217	157	31	4	4845	4375	247	337	1.02e-63	92.0
ChrIV:5338947-5345893	C50B6.7	50.000	32	16	0	4313	4218	334	365	1.02e-63	39.3
ChrIV:5338947-5345893	C50B6.7	46.667	30	16	0	4978	4889	218	247	1.02e-63	36.2
ChrIV:5338947-5345893	C50B6.7	56.604	53	23	0	3176	3018	552	604	5.87e-35	74.3
ChrIV:5338947-5345893	C50B6.7	66.667	30	10	0	2904	2815	604	633	5.87e-35	46.6
ChrIV:5338947-5345893	C50B6.7	30.556	72	34	3	3495	3280	496	551	5.87e-35	44.7
ChrIV:5338947-5345893	C50B6.7	55.556	27	12	0	2776	2696	632	658	5.87e-35	43.1
ChrIV:5338947-5345893	C50B6.7	53.465	101	31	1	6577	6275	33	117	1.10e-26	118
ChrIV:5338947-5345893	C50B6.7	51.282	39	19	0	5588	5472	150	188	4.15e-07	41.6
ChrIV:5338947-5345893	C50B6.7	70.000	20	6	0	5442	5383	183	202	4.15e-07	33.1
ChrIV:5338947-5345893	C50B6.7	53.061	49	21	2	2471	2325	666	712	4.96e-04	44.7
ChrIV:5338947-5345893	C50B6.7	61.224	49	16	2	6128	5988	106	153	0.003	42.4
ChrIV:5402988-5408556	T09E11.9	31.343	67	27	1	4921	4721	154	201	8.99e-07	40.4
ChrIV:5402988-5408556	T09E11.9	27.941	68	33	2	4611	4411	208	260	8.99e-07	32.7
ChrIV:5402988-5408556	T09E11.9	40.909	44	25	1	2411	2283	378	421	2.98e-05	36.2
ChrIV:5402988-5408556	T09E11.9	52.174	23	11	0	2182	2114	420	442	2.98e-05	31.6
ChrIV:5440893-5441798	T05F1.3	53.846	39	18	0	718	602	20	58	6.27e-15	53.5
ChrIV:5440893-5441798	T05F1.3	40.000	60	30	1	491	330	70	129	6.27e-15	44.3
ChrIV:6165231-6176362	T09F5.9	38.462	52	31	1	1691	1843	16	67	0.003	40.8
ChrIV:6288691-6293939	R05H5.3	45.455	44	24	0	1433	1564	21	64	1.86e-05	43.1
ChrIV:6288691-6293939	R05H5.3	45.833	24	13	0	1305	1376	1	24	1.86e-05	25.4
ChrIV:6412203-6423562	Y71H10A.2	45.455	44	24	0	5322	5191	107	150	1.40e-13	46.6
ChrIV:6412203-6423562	Y71H10A.2	31.343	67	28	1	5786	5586	8	56	1.40e-13	40.8
ChrIV:6412203-6423562	Y71H10A.2	37.143	35	22	0	5515	5411	65	99	1.40e-13	29.3
ChrIV:6412203-6423562	Y71H10A.2	37.037	54	34	0	2581	2420	213	266	2.54e-04	46.2
ChrIV:6738238-6743386	C25F9.2	30.041	486	289	18	2303	3682	1048	1508	6.28e-67	165
ChrIV:6738238-6743386	C25F9.2	28.796	191	128	6	1490	2050	760	946	6.28e-67	82.4
ChrIV:6738238-6743386	C25F9.2	33.824	68	42	3	2035	2229	970	1037	6.28e-67	36.6
ChrIV:6738238-6743386	C25F9.2	27.273	77	45	2	1257	1454	689	765	6.28e-67	32.0
ChrIV:6738238-6743386	C25F9.2	32.877	146	89	6	545	979	465	602	5.07e-09	60.8
ChrIV:6743035-6748333	C25F9.2	30.676	414	246	14	1358	165	1048	1436	3.96e-44	166
ChrIV:6743035-6748333	C25F9.2	29.412	85	57	3	1677	1432	953	1037	3.96e-44	33.1
ChrIV:6743035-6748333	C25F9.2	26.259	278	172	8	2405	1611	689	946	3.64e-20	97.4
ChrIV:6743035-6748333	C25F9.2	32.877	146	89	6	3117	2683	465	602	1.45e-05	49.7
ChrIV:7028150-7033324	K08F11.4a	38.255	149	71	6	3947	3513	164	295	1.42e-15	80.9
ChrIV:7028150-7033324	K08F11.4a	61.017	59	23	0	4519	4343	52	110	5.13e-10	63.2
ChrIV:7257763-7264385	F21A3.6	61.905	42	16	0	304	429	113	154	5.35e-12	61.2
ChrIV:7257763-7264385	F21A3.6	41.176	34	20	0	96	197	81	114	5.35e-12	30.0
ChrIV:7373804-7377478	Y105C5B2.8a	59.167	120	5	1	1923	1564	131	206	6.85e-37	143
ChrIV:7373804-7377478	Y105C5B2.8a	53.763	93	12	1	1356	1078	206	267	8.13e-32	101
ChrIV:7373804-7377478	Y105C5B2.8a	72.727	33	9	0	1033	935	267	299	8.13e-32	55.5
ChrIV:7373804-7377478	Y105C5B2.8a	74.074	27	7	0	238	158	356	382	1.93e-11	45.8
ChrIV:7373804-7377478	Y105C5B2.8a	94.444	18	1	0	348	295	340	357	1.93e-11	42.4
ChrIV:7373804-7377478	Y105C5B2.8a	78.378	37	8	0	2671	2561	62	98	1.36e-10	64.3
ChrIV:7373804-7377478	Y105C5B2.8a	77.778	27	6	0	708	628	313	339	3.92e-04	43.9
ChrIV:7373804-7377478	Y105C5B2.8a	58.621	29	12	0	2927	2841	32	60	5.54e-04	43.1
ChrIV:7452306-7461102	F26H9.4	30.556	108	48	2	779	1093	120	203	7.28e-07	52.4
ChrIV:7512909-7522511	T20G5.12	54.545	44	20	0	8913	8782	102	145	3.23e-11	65.1
ChrIV:7512909-7522511	T20G5.12	33.628	113	64	4	8789	8469	97	204	1.47e-10	63.2
ChrIV:7512909-7522511	T20G5.12	45.455	66	31	1	1253	1056	150	210	3.12e-10	62.4
ChrIV:7512909-7522511	T20G5.12	52.273	44	21	0	1518	1387	102	145	4.38e-10	62.0
ChrIV:8362557-8367211	R02C2.3a	43.750	32	18	0	2198	2103	390	421	2.07e-14	36.6
ChrIV:8362557-8367211	R02C2.3a	48.148	27	14	0	2368	2288	367	393	2.07e-14	35.8
ChrIV:8362557-8367211	R02C2.3a	40.625	32	19	0	2534	2439	328	359	2.07e-14	32.7
ChrIV:8362557-8367211	R02C2.3a	23.529	85	37	2	1983	1732	430	487	2.07e-14	32.0
ChrIV:8362557-8367211	R02C2.3a	27.200	125	45	2	648	274	624	702	7.35e-08	48.5
ChrIV:8362557-8367211	R02C2.3a	48.148	27	14	0	823	743	598	624	7.35e-08	28.1
ChrIV:8362557-8367211	R02C2.3a	41.304	46	27	0	3926	3789	113	158	2.19e-04	45.4
ChrIV:8362557-8367211	R02C2.3a	46.429	28	15	0	2869	2786	268	295	6.60e-04	34.3
ChrIV:8362557-8367211	R02C2.3a	43.478	23	13	0	2742	2674	295	317	6.60e-04	28.5
ChrIV:8763175-8770528	K08F11.4a	38.255	149	71	6	3944	3510	164	295	2.14e-15	80.9
ChrIV:8763175-8770528	K08F11.4a	62.712	59	22	0	4516	4340	52	110	1.24e-10	65.9
ChrIV:8774519-8776375	Y38C1AA.9	47.500	40	21	0	329	448	134	173	8.95e-06	40.8
ChrIV:8774519-8776375	Y38C1AA.9	39.394	33	19	1	144	242	103	134	8.95e-06	27.3
ChrIV:8774519-8776375	Y38C1AA.9	47.500	40	21	0	1662	1781	134	173	1.77e-05	39.3
ChrIV:8774519-8776375	Y38C1AA.9	39.394	33	19	1	1477	1575	103	134	1.77e-05	27.3
ChrIV:8774519-8776375	Y38C1AA.9	51.351	37	17	1	1471	1581	138	173	0.002	39.3
ChrIV:8774519-8776375	Y38C1AA.9	51.351	37	17	1	138	248	138	173	0.002	38.9
ChrIV:8783690-8787597	Y38C1AA.9	47.500	40	21	0	363	482	134	173	3.93e-05	39.3
ChrIV:8783690-8787597	Y38C1AA.9	39.394	33	19	1	178	276	103	134	3.93e-05	27.3
ChrIV:8783690-8787597	Y38C1AA.9	51.351	37	17	1	172	282	138	173	0.004	39.3
ChrIV:8790190-8801761	Y38C1AA.9	45.000	40	22	0	1519	1400	134	173	3.27e-05	39.7
ChrIV:8790190-8801761	Y38C1AA.9	39.394	33	19	1	1709	1611	103	134	3.27e-05	29.3
ChrIV:8790190-8801761	Y38C1AA.9	47.500	40	21	0	9755	9636	134	173	9.36e-05	41.6
ChrIV:8790190-8801761	Y38C1AA.9	39.394	33	19	1	9940	9842	103	134	9.36e-05	25.8
ChrIV:8790190-8801761	Y38C1AA.9	51.351	37	17	1	1715	1605	138	173	0.003	41.2
ChrIV:8798804-8800274	Y38C1AA.9	47.500	40	21	0	1141	1022	134	173	1.10e-05	41.6
ChrIV:8798804-8800274	Y38C1AA.9	39.394	33	19	1	1326	1228	103	134	1.10e-05	25.8
ChrIV:9207139-9212216	F07A5.3	36.806	144	49	3	2015	1584	188	289	9.62e-34	88.6
ChrIV:9207139-9212216	F07A5.3	37.624	101	43	1	1464	1162	289	369	9.62e-34	75.5
ChrIV:9207139-9212216	F07A5.3	43.939	66	34	1	812	624	416	481	7.83e-19	63.2
ChrIV:9207139-9212216	F07A5.3	54.054	37	17	0	1027	917	380	416	7.83e-19	50.8
ChrIV:9207139-9212216	F07A5.3	42.000	50	29	0	3370	3221	70	119	5.99e-04	43.9
ChrIV:9207139-9212216	F07A5.3	64.000	25	9	0	2826	2752	102	126	0.008	40.4
ChrIV:9881074-9882817	F33H1.5	50.000	30	15	0	562	651	53	82	0.006	32.0
ChrIV:9881074-9882817	F33H1.5	40.909	22	13	0	732	797	92	113	0.006	25.8
ChrV:1047195-1051154	C49C8.4	58.824	51	21	0	1009	857	371	421	7.99e-10	62.4
ChrV:14477488-14483495	ZK455.7	34.247	146	59	4	3947	3513	393	502	6.59e-51	88.6
ChrV:14477488-14483495	ZK455.7	63.333	60	22	0	3454	3275	500	559	6.59e-51	79.0
ChrV:14477488-14483495	ZK455.7	59.459	37	15	0	3219	3109	556	592	6.59e-51	53.9
ChrV:14477488-14483495	ZK455.7	37.255	51	32	0	2989	2837	596	646	6.59e-51	41.6
ChrV:14477488-14483495	ZK455.7	39.130	92	31	2	1184	942	373	450	9.41e-09	60.5
ChrV:14477488-14483495	ZK455.7	25.625	160	90	3	5089	4610	134	264	3.17e-07	55.1
ChrV:14477488-14483495	ZK455.7	39.535	43	21	1	761	648	455	497	0.001	43.1
ChrV:15731407-15734655	Y54E10A.6	29.661	118	43	3	1556	1903	275	354	0.001	42.4
ChrV:18484712-18498036	F21A9.2	31.325	83	25	1	12144	12392	324	374	4.12e-06	52.0
ChrV:1850647-1851660	T06E6.10	42.857	35	20	0	551	655	208	242	0.010	36.6
ChrV:19759868-19762788	F52H3.3	37.736	53	14	1	660	502	278	311	3.31e-05	33.9
ChrV:19759868-19762788	F52H3.3	51.613	31	15	0	433	341	315	345	3.31e-05	32.7
ChrV:20844187-20850796	Y20F4.8	30.189	212	106	9	1678	1094	29	215	1.05e-14	77.4
ChrV:21023424-21028570	K08F11.4a	37.584	149	72	6	3928	3494	164	295	2.94e-15	79.7
ChrV:21023424-21028570	K08F11.4a	62.712	59	22	0	4500	4324	52	110	9.76e-11	65.5
ChrV:220966-225903	F55D12.4a	76.000	25	6	0	1578	1652	70	94	2.70e-05	47.8
ChrV:220966-225903	F55D12.4a	90.476	21	2	0	1029	1091	27	47	1.20e-04	45.8
ChrV:23378351-23383562	M02D8.4a	45.255	137	30	2	4382	3972	69	160	7.32e-34	110
ChrV:23378351-23383562	M02D8.4a	52.778	36	17	0	3900	3793	161	196	7.32e-34	53.5
ChrV:23378351-23383562	M02D8.4a	37.500	112	24	2	1388	1056	393	459	2.74e-20	71.2
ChrV:23378351-23383562	M02D8.4a	68.421	19	6	0	958	902	460	478	2.74e-20	35.8
ChrV:23378351-23383562	M02D8.4a	64.706	17	6	0	848	798	478	494	2.74e-20	31.6
ChrV:23378351-23383562	M02D8.4a	69.048	42	13	0	2730	2605	296	337	6.82e-11	66.6
ChrV:23378351-23383562	M02D8.4a	79.412	34	7	0	2028	1927	332	365	3.86e-10	63.9
ChrV:23378351-23383562	M02D8.4a	86.667	30	4	0	1682	1593	365	394	3.12e-08	57.8
ChrV:23378351-23383562	M02D8.4a	58.537	41	17	0	609	487	489	529	1.24e-07	55.8
ChrV:23378351-23383562	M02D8.4a	74.074	27	7	0	3214	3134	246	272	3.33e-05	48.1
ChrV:23378351-23383562	M02D8.4a	53.659	41	19	0	3619	3497	192	232	4.06e-05	47.8
ChrV:23378351-23383562	M02D8.4a	48.000	50	22	2	2973	2824	273	318	1.16e-04	46.2
ChrV:23378351-23383562	M02D8.4a	72.414	29	8	0	4594	4508	47	75	4.90e-04	44.3
ChrV:23416809-23425956	F23B2.3	32.184	87	44	1	1904	2164	158	229	7.23e-10	49.7
ChrV:23416809-23425956	F23B2.3	50.000	34	11	1	1789	1890	139	166	7.23e-10	34.7
ChrV:2580024-2589054	T05E11.1	85.455	55	8	0	5037	5201	153	207	3.50e-34	99.0
ChrV:2580024-2589054	T05E11.1	37.143	140	65	7	4529	4915	34	161	3.50e-34	67.4
ChrV:2580024-2589054	T05E11.1	55.000	40	18	0	4563	4682	44	83	4.84e-05	46.6
ChrV:3242208-3254907	C04F12.10	54.118	85	38	1	2068	1814	171	254	1.12e-16	85.5
ChrV:3242208-3254907	C04F12.10	64.815	54	19	0	204	43	380	433	2.64e-14	78.2
ChrV:3242208-3254907	C04F12.10	79.310	29	6	0	1664	1578	240	268	1.42e-06	53.5
ChrV:3242208-3254907	C04F12.10	39.706	68	41	0	2823	2620	78	145	2.33e-06	52.8
ChrV:3242208-3254907	C04F12.10	52.273	44	21	0	1004	873	294	337	5.96e-06	51.6
ChrV:376731-384241	ZC328.2	84.848	33	5	0	5769	5867	263	295	1.37e-09	62.0
ChrV:4105439-4109457	F43G9.11	84.615	39	6	0	1217	1101	206	244	3.01e-14	73.9
ChrV:4105439-4109457	F43G9.11	70.270	37	8	1	1945	1835	180	213	1.23e-07	54.3
ChrV:4105439-4109457	F43G9.11	88.889	27	3	0	2784	2704	154	180	1.28e-07	53.9
ChrV:4105439-4109457	F43G9.11	70.968	31	9	0	3028	2936	133	163	1.95e-06	50.4
ChrV:4105439-4109457	F43G9.11	70.370	27	8	0	384	304	242	268	2.06e-05	47.4
ChrV:4112405-4122506	C04F6.3	39.000	100	25	3	5899	6186	170	237	5.88e-08	58.2
ChrV:4112405-4122506	C04F6.3	53.846	26	12	0	6688	6765	284	309	4.75e-04	40.0
ChrV:4112405-4122506	C04F6.3	35.294	34	21	1	6882	6983	314	346	4.75e-04	24.3
ChrV:4112405-4122506	C04F6.3	30.000	90	42	3	5369	5638	71	139	0.002	43.1
ChrV:4531020-4539605	T22H2.5b	36.111	36	23	0	2565	2458	218	253	6.68e-07	33.9
ChrV:4531020-4539605	T22H2.5b	54.545	22	9	1	2722	2660	199	220	6.68e-07	33.1
ChrV:4531020-4539605	T22H2.5b	34.286	35	22	1	2393	2289	255	288	6.68e-07	26.2
ChrV:4531020-4539605	T22H2.5b	39.683	63	23	1	3673	3485	50	97	3.06e-04	41.6
ChrV:4531020-4539605	T22H2.5b	38.095	21	13	0	3407	3345	89	109	3.06e-04	23.5
ChrV:5471172-5473227	F46A9.5	60.000	30	12	0	1560	1471	144	173	7.11e-16	43.1
ChrV:5471172-5473227	F46A9.5	68.966	29	9	0	1702	1616	114	142	7.11e-16	42.0
ChrV:5471172-5473227	F46A9.5	28.571	84	41	2	2031	1780	16	80	7.11e-16	37.4
ChrV:5474512-5476706	F46A9.5	35.294	102	38	2	1909	1604	100	173	4.87e-11	61.6
ChrV:5628323-5636157	Y82E9BR1.4b	66.667	42	14	0	5885	5760	151	192	1.48e-19	59.3
ChrV:5628323-5636157	Y82E9BR1.4b	50.909	55	25	1	5643	5485	192	246	1.48e-19	50.8
ChrV:5628323-5636157	Y82E9BR1.4b	39.130	23	14	0	6048	5980	129	151	1.48e-19	26.6
ChrV:6377685-6381719	F29B9.2c	69.048	42	13	0	2951	3076	583	624	1.44e-10	65.5
ChrV:6377685-6381719	F29B9.2c	60.465	43	17	0	2446	2574	505	547	8.92e-10	62.8
ChrV:6427676-6434789	Y82E9BR1.4b	66.667	42	14	0	5322	5197	151	192	1.35e-19	59.3
ChrV:6427676-6434789	Y82E9BR1.4b	50.909	55	25	1	5080	4922	192	246	1.35e-19	50.8
ChrV:6427676-6434789	Y82E9BR1.4b	39.130	23	14	0	5485	5417	129	151	1.35e-19	26.6
ChrV:7225951-7235653	R10E11.2	50.000	62	7	1	8830	9015	2	39	1.65e-23	54.7
ChrV:7225951-7235653	R10E11.2	78.571	28	6	0	9060	9143	39	66	1.65e-23	51.2
ChrV:7225951-7235653	R10E11.2	86.364	22	3	0	9259	9324	62	83	1.65e-23	40.4
ChrV:7225951-7235653	R10E11.2	42.857	21	12	0	9356	9418	78	98	1.65e-23	23.9
ChrV:7225951-7235653	R10E11.2	76.316	38	9	0	9588	9701	107	144	1.62e-10	61.6
ChrV:7235562-7239139	Y38F2AL.4	90.625	32	3	0	1	96	115	146	9.51e-11	61.2
ChrV:8425197-8430481	K08F11.4a	38.255	149	71	6	3942	3508	164	295	1.46e-15	80.9
ChrV:8425197-8430481	K08F11.4a	62.712	59	22	0	4509	4333	52	110	2.37e-11	67.4
ChrX:10327704-10330259	R02D3.8	38.614	101	40	2	1266	1565	87	166	4.99e-16	65.9
ChrX:10327704-10330259	R02D3.8	53.125	32	14	1	1130	1225	54	84	4.99e-16	37.4
ChrX:10327704-10330259	R02D3.8	33.858	127	48	3	2003	2374	167	260	2.80e-11	64.3
ChrX:10340703-10341188	R02D3.8	34.646	127	47	3	102	473	167	260	1.10e-14	68.9
ChrX:10352854-10355771	R02D3.8	33.858	127	48	3	2361	2732	167	260	4.72e-12	67.0
ChrX:10352854-10355771	R02D3.8	35.870	92	47	1	1336	1611	48	127	1.30e-05	47.4
ChrX:10352854-10355771	R02D3.8	52.500	40	18	1	1803	1919	127	166	4.63e-05	45.8
ChrX:11045709-11054474	C04F12.1	26.396	197	86	6	1617	1036	623	763	4.17e-09	62.0
ChrX:11419370-11426522	C47C12.6	40.244	82	13	1	1372	1127	571	616	3.73e-27	65.9
ChrX:11419370-11426522	C47C12.6	44.615	65	16	1	904	710	642	686	3.73e-27	59.7
ChrX:11419370-11426522	C47C12.6	43.333	30	16	1	1056	970	613	642	3.73e-27	30.4
ChrX:11419370-11426522	C47C12.6	37.143	35	19	2	1509	1408	540	572	3.73e-27	25.8
ChrX:11419370-11426522	C47C12.6	76.471	34	8	0	2127	2026	451	484	6.05e-26	69.3
ChrX:11419370-11426522	C47C12.6	80.000	25	5	0	1984	1910	484	508	6.05e-26	44.7
ChrX:11419370-11426522	C47C12.6	73.077	26	7	0	2246	2169	425	450	6.05e-26	44.3
ChrX:11419370-11426522	C47C12.6	72.059	68	5	1	6905	6702	484	537	1.19e-20	99.0
ChrX:11419370-11426522	C47C12.6	59.459	37	15	0	3346	3236	236	272	2.86e-11	49.3
ChrX:11419370-11426522	C47C12.6	30.357	56	38	1	3177	3013	275	330	2.86e-11	39.7
ChrX:11419370-11426522	C47C12.6	58.537	41	17	0	3929	3807	109	149	1.58e-10	61.2
ChrX:11419370-11426522	C47C12.6	50.000	20	10	0	3778	3719	145	164	1.58e-10	25.0
ChrX:11419370-11426522	C47C12.6	75.676	37	9	0	7149	7039	451	487	2.67e-10	65.5
ChrX:11419370-11426522	C47C12.6	50.794	63	23	2	570	406	673	735	3.53e-10	65.1
ChrX:11419370-11426522	C47C12.6	87.500	32	4	0	1772	1677	506	537	1.58e-09	62.8
ChrX:11419370-11426522	C47C12.6	49.315	73	13	1	2620	2402	380	428	1.67e-09	62.8
ChrX:11419370-11426522	C47C12.6	74.074	27	7	0	650	570	676	702	2.81e-05	48.9
ChrX:11500581-11537106	F46C3.1	40.845	71	31	2	31571	31359	876	935	7.14e-12	50.8
ChrX:11500581-11537106	F46C3.1	28.571	112	53	4	31345	31043	927	1022	7.14e-12	42.4
ChrX:11500581-11537106	F46C3.1	33.871	62	40	1	31925	31740	644	704	1.20e-06	39.7
ChrX:11500581-11537106	F46C3.1	38.182	55	32	1	32169	32005	585	637	1.20e-06	35.4
ChrX:11500581-11537106	F46C3.1	50.000	38	19	0	36241	36128	646	683	2.06e-06	44.3
ChrX:11500581-11537106	F46C3.1	44.118	34	19	0	36431	36330	599	632	2.06e-06	30.0
ChrX:11876339-11883714	K02F3.8	50.725	138	19	1	2564	2151	624	712	9.68e-34	140
ChrX:11876339-11883714	K02F3.8	78.431	51	11	0	499	347	625	675	2.62e-19	94.7
ChrX:12090643-12096055	F56C11.6b	72.727	33	8	1	2986	2891	211	243	8.24e-14	49.3
ChrX:12090643-12096055	F56C11.6b	57.576	33	14	0	3198	3100	181	213	8.24e-14	47.8
ChrX:12090643-12096055	F56C11.6b	50.000	38	18	1	2084	1971	315	351	4.29e-04	44.7
ChrX:12090643-12096055	F56C11.6b	67.857	28	9	0	3454	3371	155	182	0.001	42.7
ChrX:12842376-12862672	F16H6.1	54.286	35	16	0	11321	11425	452	486	0.008	42.4
ChrX:13233111-13247626	T28F4.2	55.556	54	24	0	8113	7952	446	499	8.63e-08	58.2
ChrX:13233111-13247626	T28F4.2	48.529	68	33	1	524	321	432	497	1.32e-07	57.4
ChrX:13233111-13247626	T28F4.2	28.099	121	54	2	5399	5037	228	315	1.07e-06	54.3
ChrX:13233111-13247626	T28F4.2	53.571	28	13	0	717	634	419	446	7.72e-05	36.6
ChrX:13233111-13247626	T28F4.2	57.895	19	8	0	872	816	400	418	7.72e-05	31.2
ChrX:13233111-13247626	T28F4.2	38.000	50	31	0	13854	13705	75	124	7.55e-04	45.1
ChrX:16065693-16066663	F11G11.2	31.250	272	106	4	134	949	16	206	1.01e-27	106
ChrX:16822255-16824177	Y54G2A.42	24.561	114	59	4	968	1297	242	332	0.006	33.1
ChrX:16822255-16824177	Y54G2A.42	35.484	31	19	1	756	848	185	214	0.006	25.0
ChrX:2807006-2811141	R12H7.4	52.273	44	21	0	1833	1964	139	182	5.16e-04	43.5
ChrX:6600971-6619270	T05F1.3	35.032	157	60	6	12487	12023	29	145	1.18e-13	71.2
ChrX:6600971-6619270	T05F1.3	35.065	154	58	6	10694	11149	29	142	1.64e-13	70.9
ChrX:6688931-6691351	M05D6.4	44.444	45	25	0	1571	1437	179	223	4.90e-29	53.9
ChrX:6688931-6691351	M05D6.4	29.661	118	64	3	1407	1060	218	318	4.90e-29	45.4
ChrX:6688931-6691351	M05D6.4	44.186	43	22	2	2244	2122	41	83	4.90e-29	38.5
ChrX:6688931-6691351	M05D6.4	37.500	40	25	0	2074	1955	86	125	4.90e-29	33.9
ChrX:6688931-6691351	M05D6.4	54.167	24	11	0	1880	1809	129	152	4.90e-29	32.7
ChrX:6688931-6691351	M05D6.4	35.714	28	18	0	1773	1690	149	176	4.90e-29	21.2
ChrX:6750380-6754354	M02D8.4a	82.857	70	12	0	2530	2739	296	365	5.48e-63	127
ChrX:6750380-6754354	M02D8.4a	62.745	51	19	0	2295	2447	246	296	5.48e-63	73.2
ChrX:6750380-6754354	M02D8.4a	80.645	31	6	0	2793	2885	365	395	5.48e-63	56.6
ChrX:6750380-6754354	M02D8.4a	36.620	71	36	2	2981	3190	392	454	5.48e-63	45.8
ChrX:6750380-6754354	M02D8.4a	70.588	68	20	0	1289	1492	103	170	2.87e-25	111
ChrX:6750380-6754354	M02D8.4a	66.216	74	25	0	3473	3694	474	547	1.84e-23	105
ChrX:6750380-6754354	M02D8.4a	60.784	51	20	0	1993	2145	195	245	3.21e-21	65.1
ChrX:6750380-6754354	M02D8.4a	62.857	35	13	0	1772	1876	161	195	3.21e-21	56.2
ChrX:6750380-6754354	M02D8.4a	65.385	52	18	0	3286	3441	440	491	5.71e-15	79.0
ChrX:6750380-6754354	M02D8.4a	63.830	47	17	0	384	524	29	75	2.06e-14	65.5
ChrX:6750380-6754354	M02D8.4a	38.462	39	22	1	166	282	1	37	2.06e-14	33.1
ChrX:6750380-6754354	M02D8.4a	65.625	32	11	0	1026	1121	74	105	1.42e-05	48.9
